Analysis & Synthesis report for gA6_lab5
Wed Nov 29 18:54:27 2017
Quartus II 64-Bit Version 13.0.0 Build 156 04/24/2013 SJ Web Edition


---------------------
; Table of Contents ;
---------------------
  1. Legal Notice
  2. Analysis & Synthesis Summary
  3. Analysis & Synthesis Settings
  4. Parallel Compilation
  5. Analysis & Synthesis Source Files Read
  6. Analysis & Synthesis Resource Usage Summary
  7. Analysis & Synthesis Resource Utilization by Entity
  8. Registers Removed During Synthesis
  9. General Register Statistics
 10. Multiplexer Restructuring Statistics (Restructuring Performed)
 11. Elapsed Time Per Partition
 12. Analysis & Synthesis Messages



----------------
; Legal Notice ;
----------------
Copyright (C) 1991-2013 Altera Corporation
Your use of Altera Corporation's design tools, logic functions 
and other software and tools, and its AMPP partner logic 
functions, and any output files from any of the foregoing 
(including device programming or simulation files), and any 
associated documentation or information are expressly subject 
to the terms and conditions of the Altera Program License 
Subscription Agreement, Altera MegaCore Function License 
Agreement, or other applicable license agreement, including, 
without limitation, that your use is for the sole purpose of 
programming logic devices manufactured by Altera and sold by 
Altera or its authorized distributors.  Please refer to the 
applicable agreement for further details.



+---------------------------------------------------------------------------------+
; Analysis & Synthesis Summary                                                    ;
+------------------------------------+--------------------------------------------+
; Analysis & Synthesis Status        ; Successful - Wed Nov 29 18:54:27 2017      ;
; Quartus II 64-Bit Version          ; 13.0.0 Build 156 04/24/2013 SJ Web Edition ;
; Revision Name                      ; gA6_lab5                                   ;
; Top-level Entity Name              ; gA6_lab5                                   ;
; Family                             ; Cyclone II                                 ;
; Total logic elements               ; 45                                         ;
;     Total combinational functions  ; 36                                         ;
;     Dedicated logic registers      ; 17                                         ;
; Total registers                    ; 17                                         ;
; Total pins                         ; 55                                         ;
; Total virtual pins                 ; 0                                          ;
; Total memory bits                  ; 0                                          ;
; Embedded Multiplier 9-bit elements ; 0                                          ;
; Total PLLs                         ; 0                                          ;
+------------------------------------+--------------------------------------------+


+----------------------------------------------------------------------------------------------------------------------+
; Analysis & Synthesis Settings                                                                                        ;
+----------------------------------------------------------------------------+--------------------+--------------------+
; Option                                                                     ; Setting            ; Default Value      ;
+----------------------------------------------------------------------------+--------------------+--------------------+
; Device                                                                     ; EP2C20F484C7       ;                    ;
; Top-level entity name                                                      ; gA6_lab5           ; gA6_lab5           ;
; Family name                                                                ; Cyclone II         ; Cyclone IV GX      ;
; Use smart compilation                                                      ; Off                ; Off                ;
; Enable parallel Assembler and TimeQuest Timing Analyzer during compilation ; On                 ; On                 ;
; Enable compact report table                                                ; Off                ; Off                ;
; Restructure Multiplexers                                                   ; Auto               ; Auto               ;
; Create Debugging Nodes for IP Cores                                        ; Off                ; Off                ;
; Preserve fewer node names                                                  ; On                 ; On                 ;
; Disable OpenCore Plus hardware evaluation                                  ; Off                ; Off                ;
; Verilog Version                                                            ; Verilog_2001       ; Verilog_2001       ;
; VHDL Version                                                               ; VHDL_1993          ; VHDL_1993          ;
; State Machine Processing                                                   ; Auto               ; Auto               ;
; Safe State Machine                                                         ; Off                ; Off                ;
; Extract Verilog State Machines                                             ; On                 ; On                 ;
; Extract VHDL State Machines                                                ; On                 ; On                 ;
; Ignore Verilog initial constructs                                          ; Off                ; Off                ;
; Iteration limit for constant Verilog loops                                 ; 5000               ; 5000               ;
; Iteration limit for non-constant Verilog loops                             ; 250                ; 250                ;
; Add Pass-Through Logic to Inferred RAMs                                    ; On                 ; On                 ;
; Infer RAMs from Raw Logic                                                  ; On                 ; On                 ;
; Parallel Synthesis                                                         ; On                 ; On                 ;
; DSP Block Balancing                                                        ; Auto               ; Auto               ;
; NOT Gate Push-Back                                                         ; On                 ; On                 ;
; Power-Up Don't Care                                                        ; On                 ; On                 ;
; Remove Redundant Logic Cells                                               ; Off                ; Off                ;
; Remove Duplicate Registers                                                 ; On                 ; On                 ;
; Ignore CARRY Buffers                                                       ; Off                ; Off                ;
; Ignore CASCADE Buffers                                                     ; Off                ; Off                ;
; Ignore GLOBAL Buffers                                                      ; Off                ; Off                ;
; Ignore ROW GLOBAL Buffers                                                  ; Off                ; Off                ;
; Ignore LCELL Buffers                                                       ; Off                ; Off                ;
; Ignore SOFT Buffers                                                        ; On                 ; On                 ;
; Limit AHDL Integers to 32 Bits                                             ; Off                ; Off                ;
; Optimization Technique                                                     ; Balanced           ; Balanced           ;
; Carry Chain Length                                                         ; 70                 ; 70                 ;
; Auto Carry Chains                                                          ; On                 ; On                 ;
; Auto Open-Drain Pins                                                       ; On                 ; On                 ;
; Perform WYSIWYG Primitive Resynthesis                                      ; Off                ; Off                ;
; Auto ROM Replacement                                                       ; On                 ; On                 ;
; Auto RAM Replacement                                                       ; On                 ; On                 ;
; Auto Shift Register Replacement                                            ; Auto               ; Auto               ;
; Allow Shift Register Merging across Hierarchies                            ; Auto               ; Auto               ;
; Auto Clock Enable Replacement                                              ; On                 ; On                 ;
; Strict RAM Replacement                                                     ; Off                ; Off                ;
; Allow Synchronous Control Signals                                          ; On                 ; On                 ;
; Force Use of Synchronous Clear Signals                                     ; Off                ; Off                ;
; Auto RAM to Logic Cell Conversion                                          ; Off                ; Off                ;
; Auto Resource Sharing                                                      ; Off                ; Off                ;
; Allow Any RAM Size For Recognition                                         ; Off                ; Off                ;
; Allow Any ROM Size For Recognition                                         ; Off                ; Off                ;
; Allow Any Shift Register Size For Recognition                              ; Off                ; Off                ;
; Use LogicLock Constraints during Resource Balancing                        ; On                 ; On                 ;
; Ignore translate_off and synthesis_off directives                          ; Off                ; Off                ;
; Timing-Driven Synthesis                                                    ; Off                ; Off                ;
; Report Parameter Settings                                                  ; On                 ; On                 ;
; Report Source Assignments                                                  ; On                 ; On                 ;
; Report Connectivity Checks                                                 ; On                 ; On                 ;
; Ignore Maximum Fan-Out Assignments                                         ; Off                ; Off                ;
; Synchronization Register Chain Length                                      ; 2                  ; 2                  ;
; PowerPlay Power Optimization                                               ; Normal compilation ; Normal compilation ;
; HDL message level                                                          ; Level2             ; Level2             ;
; Suppress Register Optimization Related Messages                            ; Off                ; Off                ;
; Number of Removed Registers Reported in Synthesis Report                   ; 5000               ; 5000               ;
; Number of Swept Nodes Reported in Synthesis Report                         ; 5000               ; 5000               ;
; Number of Inverted Registers Reported in Synthesis Report                  ; 100                ; 100                ;
; Clock MUX Protection                                                       ; On                 ; On                 ;
; Auto Gated Clock Conversion                                                ; Off                ; Off                ;
; Block Design Naming                                                        ; Auto               ; Auto               ;
; SDC constraint protection                                                  ; Off                ; Off                ;
; Synthesis Effort                                                           ; Auto               ; Auto               ;
; Shift Register Replacement - Allow Asynchronous Clear Signal               ; On                 ; On                 ;
; Pre-Mapping Resynthesis Optimization                                       ; Off                ; Off                ;
; Analysis & Synthesis Message Level                                         ; Medium             ; Medium             ;
; Disable Register Merging Across Hierarchies                                ; Auto               ; Auto               ;
; Resource Aware Inference For Block RAM                                     ; On                 ; On                 ;
; Synthesis Seed                                                             ; 1                  ; 1                  ;
+----------------------------------------------------------------------------+--------------------+--------------------+


+------------------------------------------+
; Parallel Compilation                     ;
+----------------------------+-------------+
; Processors                 ; Number      ;
+----------------------------+-------------+
; Number detected on machine ; 4           ;
; Maximum allowed            ; 2           ;
;                            ;             ;
; Average used               ; 1.00        ;
; Maximum used               ; 1           ;
;                            ;             ;
; Usage by Processor         ; % Time Used ;
;     Processor 1            ; 100.0%      ;
;     Processors 2-4         ;   0.0%      ;
+----------------------------+-------------+


+------------------------------------------------------------------------------------------------------------------------------------------------+
; Analysis & Synthesis Source Files Read                                                                                                         ;
+----------------------------------+-----------------+------------------------------------+--------------------------------------------+---------+
; File Name with User-Entered Path ; Used in Netlist ; File Type                          ; File Name with Absolute Path               ; Library ;
+----------------------------------+-----------------+------------------------------------+--------------------------------------------+---------+
; gA6_winner.vhd                   ; yes             ; User VHDL File                     ; C:/home/abbas/dsd_A6/lab5/gA6_winner.vhd   ;         ;
; gA6_computer.vhd                 ; yes             ; User VHDL File                     ; C:/home/abbas/dsd_A6/lab5/gA6_computer.vhd ;         ;
; gA6_lab5.bdf                     ; yes             ; User Block Diagram/Schematic File  ; C:/home/abbas/dsd_A6/lab5/gA6_lab5.bdf     ;         ;
+----------------------------------+-----------------+------------------------------------+--------------------------------------------+---------+


+-----------------------------------------------------+
; Analysis & Synthesis Resource Usage Summary         ;
+---------------------------------------------+-------+
; Resource                                    ; Usage ;
+---------------------------------------------+-------+
; Estimated Total logic elements              ; 45    ;
;                                             ;       ;
; Total combinational functions               ; 36    ;
; Logic element usage by number of LUT inputs ;       ;
;     -- 4 input functions                    ; 17    ;
;     -- 3 input functions                    ; 14    ;
;     -- <=2 input functions                  ; 5     ;
;                                             ;       ;
; Logic elements by mode                      ;       ;
;     -- normal mode                          ; 26    ;
;     -- arithmetic mode                      ; 10    ;
;                                             ;       ;
; Total registers                             ; 17    ;
;     -- Dedicated logic registers            ; 17    ;
;     -- I/O registers                        ; 0     ;
;                                             ;       ;
; I/O pins                                    ; 55    ;
; Embedded Multiplier 9-bit elements          ; 0     ;
; Maximum fan-out node                        ; clk   ;
; Maximum fan-out                             ; 17    ;
; Total fan-out                               ; 196   ;
; Average fan-out                             ; 1.81  ;
+---------------------------------------------+-------+


+-------------------------------------------------------------------------------------------------------------------------------------------------------------------------------------+
; Analysis & Synthesis Resource Utilization by Entity                                                                                                                                 ;
+----------------------------+-------------------+--------------+-------------+--------------+---------+-----------+------+--------------+-----------------------------+--------------+
; Compilation Hierarchy Node ; LC Combinationals ; LC Registers ; Memory Bits ; DSP Elements ; DSP 9x9 ; DSP 18x18 ; Pins ; Virtual Pins ; Full Hierarchy Name         ; Library Name ;
+----------------------------+-------------------+--------------+-------------+--------------+---------+-----------+------+--------------+-----------------------------+--------------+
; |gA6_lab5                  ; 36 (0)            ; 17 (0)       ; 0           ; 0            ; 0       ; 0         ; 55   ; 0            ; |gA6_lab5                   ;              ;
;    |gA6_computer:inst|     ; 6 (6)             ; 10 (10)      ; 0           ; 0            ; 0       ; 0         ; 0    ; 0            ; |gA6_lab5|gA6_computer:inst ;              ;
;    |gA6_winner:inst1|      ; 30 (30)           ; 7 (7)        ; 0           ; 0            ; 0       ; 0         ; 0    ; 0            ; |gA6_lab5|gA6_winner:inst1  ;              ;
+----------------------------+-------------------+--------------+-------------+--------------+---------+-----------+------+--------------+-----------------------------+--------------+
Note: For table entries with two numbers listed, the numbers in parentheses indicate the number of resources of the given type used by the specific entity alone. The numbers listed outside of parentheses indicate the total resources of the given type used by the specific entity and all of its sub-entities in the hierarchy.


+---------------------------------------------------------------------------------------+
; Registers Removed During Synthesis                                                    ;
+----------------------------------------+----------------------------------------------+
; Register name                          ; Reason for Removal                           ;
+----------------------------------------+----------------------------------------------+
; gA6_winner:inst1|led_display1[3]       ; Merged with gA6_winner:inst1|led_display4[0] ;
; gA6_winner:inst1|led_display4[2]       ; Merged with gA6_winner:inst1|led_display4[1] ;
; gA6_winner:inst1|led_display2[0]       ; Merged with gA6_winner:inst1|led_display4[3] ;
; gA6_winner:inst1|led_display2[2,4]     ; Merged with gA6_winner:inst1|led_display4[4] ;
; gA6_winner:inst1|led_display1[5]       ; Merged with gA6_winner:inst1|led_display4[4] ;
; gA6_winner:inst1|led_display2[1,3]     ; Merged with gA6_winner:inst1|led_display4[4] ;
; gA6_winner:inst1|led_display3[2]       ; Merged with gA6_winner:inst1|led_display4[4] ;
; gA6_winner:inst1|led_display1[4]       ; Merged with gA6_winner:inst1|led_display4[4] ;
; gA6_winner:inst1|led_display4[5]       ; Merged with gA6_winner:inst1|led_display4[4] ;
; gA6_winner:inst1|led_display3[0,3,5,6] ; Merged with gA6_winner:inst1|led_display4[6] ;
; gA6_winner:inst1|led_display2[5]       ; Merged with gA6_winner:inst1|led_display4[6] ;
; gA6_winner:inst1|led_display1[2]       ; Merged with gA6_winner:inst1|led_display3[1] ;
; gA6_winner:inst1|led_display2[6]       ; Merged with gA6_winner:inst1|led_display3[4] ;
; gA6_winner:inst1|led_display1[1,6]     ; Merged with gA6_winner:inst1|led_display1[0] ;
; gA6_winner:inst1|led_display4[4]       ; Stuck at GND due to stuck port data_in       ;
; gA6_winner:inst1|led_display3[4]       ; Stuck at VCC due to stuck port data_in       ;
; gA6_winner:inst1|led_display4[1]       ; Merged with gA6_winner:inst1|led_display4[3] ;
; gA6_winner:inst1|led_display4[6]       ; Merged with gA6_winner:inst1|led_display3[1] ;
; gA6_winner:inst1|led_display4[0]       ; Merged with gA6_winner:inst1|led_display1[0] ;
; Total Number of Removed Registers = 25 ;                                              ;
+----------------------------------------+----------------------------------------------+


+------------------------------------------------------+
; General Register Statistics                          ;
+----------------------------------------------+-------+
; Statistic                                    ; Value ;
+----------------------------------------------+-------+
; Total registers                              ; 17    ;
; Number of registers using Synchronous Clear  ; 0     ;
; Number of registers using Synchronous Load   ; 0     ;
; Number of registers using Asynchronous Clear ; 10    ;
; Number of registers using Asynchronous Load  ; 0     ;
; Number of registers using Clock Enable       ; 3     ;
; Number of registers using Preset             ; 0     ;
+----------------------------------------------+-------+


+--------------------------------------------------------------------------------------------------------------------------------------------------------------+
; Multiplexer Restructuring Statistics (Restructuring Performed)                                                                                               ;
+--------------------+-----------+---------------+----------------------+------------------------+------------+------------------------------------------------+
; Multiplexer Inputs ; Bus Width ; Baseline Area ; Area if Restructured ; Saving if Restructured ; Registered ; Example Multiplexer Output                     ;
+--------------------+-----------+---------------+----------------------+------------------------+------------+------------------------------------------------+
; 4:1                ; 6 bits    ; 12 LEs        ; 12 LEs               ; 0 LEs                  ; Yes        ; |gA6_lab5|gA6_winner:inst1|led_display1[0]     ;
; 6:1                ; 2 bits    ; 8 LEs         ; 4 LEs                ; 4 LEs                  ; Yes        ; |gA6_lab5|gA6_computer:inst|\computer:state[1] ;
; 6:1                ; 2 bits    ; 8 LEs         ; 8 LEs                ; 0 LEs                  ; No         ; |gA6_lab5|gA6_winner:inst1|p_win               ;
+--------------------+-----------+---------------+----------------------+------------------------+------------+------------------------------------------------+


+-------------------------------+
; Elapsed Time Per Partition    ;
+----------------+--------------+
; Partition Name ; Elapsed Time ;
+----------------+--------------+
; Top            ; 00:00:00     ;
+----------------+--------------+


+-------------------------------+
; Analysis & Synthesis Messages ;
+-------------------------------+
Info: *******************************************************************
Info: Running Quartus II 64-Bit Analysis & Synthesis
    Info: Version 13.0.0 Build 156 04/24/2013 SJ Web Edition
    Info: Processing started: Wed Nov 29 18:54:24 2017
Info: Command: quartus_map --read_settings_files=on --write_settings_files=off gA6_lab5 -c gA6_lab5
Info (11104): Parallel Compilation has detected 4 hyper-threaded processors. However, the extra hyper-threaded processors will not be used by default. Parallel Compilation will use 2 of the 2 physical processors detected instead.
Info (12021): Found 2 design units, including 1 entities, in source file ga6_winner.vhd
    Info (12022): Found design unit 1: gA6_winner-behavior
    Info (12023): Found entity 1: gA6_winner
Info (12021): Found 2 design units, including 1 entities, in source file ga6_computer.vhd
    Info (12022): Found design unit 1: gA6_computer-behavior
    Info (12023): Found entity 1: gA6_computer
Info (12021): Found 1 design units, including 1 entities, in source file ga6_lab5.bdf
    Info (12023): Found entity 1: gA6_lab5
Info (12127): Elaborating entity "gA6_lab5" for the top level hierarchy
Info (12128): Elaborating entity "gA6_computer" for hierarchy "gA6_computer:inst"
Info (12128): Elaborating entity "gA6_winner" for hierarchy "gA6_winner:inst1"
Warning (13024): Output pins are stuck at VCC or GND
    Warning (13410): Pin "led_display1[5]" is stuck at GND
    Warning (13410): Pin "led_display1[4]" is stuck at GND
    Warning (13410): Pin "led_display2[6]" is stuck at VCC
    Warning (13410): Pin "led_display2[4]" is stuck at GND
    Warning (13410): Pin "led_display2[3]" is stuck at GND
    Warning (13410): Pin "led_display2[2]" is stuck at GND
    Warning (13410): Pin "led_display2[1]" is stuck at GND
    Warning (13410): Pin "led_display3[4]" is stuck at VCC
    Warning (13410): Pin "led_display3[2]" is stuck at GND
    Warning (13410): Pin "led_display4[5]" is stuck at GND
    Warning (13410): Pin "led_display4[4]" is stuck at GND
Info (16010): Generating hard_block partition "hard_block:auto_generated_inst"
    Info (16011): Adding 0 node(s), including 0 DDIO, 0 PLL, 0 transceiver and 0 LCELL
Info (21057): Implemented 102 device resources after synthesis - the final resource count might be different
    Info (21058): Implemented 15 input pins
    Info (21059): Implemented 40 output pins
    Info (21061): Implemented 47 logic cells
Info: Quartus II 64-Bit Analysis & Synthesis was successful. 0 errors, 12 warnings
    Info: Peak virtual memory: 582 megabytes
    Info: Processing ended: Wed Nov 29 18:54:27 2017
    Info: Elapsed time: 00:00:03
    Info: Total CPU time (on all processors): 00:00:03


