TimeQuest Timing Analyzer report for gA6_lab4
Tue Nov 21 16:45:46 2017
Quartus II 64-Bit Version 13.0.0 Build 156 04/24/2013 SJ Web Edition


---------------------
; Table of Contents ;
---------------------
  1. Legal Notice
  2. TimeQuest Timing Analyzer Summary
  3. Parallel Compilation
  4. Clocks
  5. Slow Model Fmax Summary
  6. Slow Model Setup Summary
  7. Slow Model Hold Summary
  8. Slow Model Recovery Summary
  9. Slow Model Removal Summary
 10. Slow Model Minimum Pulse Width Summary
 11. Slow Model Setup: 'hand_sum[0]'
 12. Slow Model Hold: 'hand_sum[0]'
 13. Slow Model Recovery: 'hand_sum[0]'
 14. Slow Model Removal: 'hand_sum[0]'
 15. Slow Model Minimum Pulse Width: 'hand_sum[0]'
 16. Setup Times
 17. Hold Times
 18. Clock to Output Times
 19. Minimum Clock to Output Times
 20. Propagation Delay
 21. Minimum Propagation Delay
 22. Fast Model Setup Summary
 23. Fast Model Hold Summary
 24. Fast Model Recovery Summary
 25. Fast Model Removal Summary
 26. Fast Model Minimum Pulse Width Summary
 27. Fast Model Setup: 'hand_sum[0]'
 28. Fast Model Hold: 'hand_sum[0]'
 29. Fast Model Recovery: 'hand_sum[0]'
 30. Fast Model Removal: 'hand_sum[0]'
 31. Fast Model Minimum Pulse Width: 'hand_sum[0]'
 32. Setup Times
 33. Hold Times
 34. Clock to Output Times
 35. Minimum Clock to Output Times
 36. Propagation Delay
 37. Minimum Propagation Delay
 38. Multicorner Timing Analysis Summary
 39. Setup Times
 40. Hold Times
 41. Clock to Output Times
 42. Minimum Clock to Output Times
 43. Progagation Delay
 44. Minimum Progagation Delay
 45. Setup Transfers
 46. Hold Transfers
 47. Recovery Transfers
 48. Removal Transfers
 49. Report TCCS
 50. Report RSKM
 51. Unconstrained Paths
 52. TimeQuest Timing Analyzer Messages



----------------
; Legal Notice ;
----------------
Copyright (C) 1991-2013 Altera Corporation
Your use of Altera Corporation's design tools, logic functions 
and other software and tools, and its AMPP partner logic 
functions, and any output files from any of the foregoing 
(including device programming or simulation files), and any 
associated documentation or information are expressly subject 
to the terms and conditions of the Altera Program License 
Subscription Agreement, Altera MegaCore Function License 
Agreement, or other applicable license agreement, including, 
without limitation, that your use is for the sole purpose of 
programming logic devices manufactured by Altera and sold by 
Altera or its authorized distributors.  Please refer to the 
applicable agreement for further details.



+-------------------------------------------------------------------------+
; TimeQuest Timing Analyzer Summary                                       ;
+--------------------+----------------------------------------------------+
; Quartus II Version ; Version 13.0.0 Build 156 04/24/2013 SJ Web Edition ;
; Revision Name      ; gA6_lab4                                           ;
; Device Family      ; Cyclone II                                         ;
; Device Name        ; EP2C20F484C7                                       ;
; Timing Models      ; Final                                              ;
; Delay Model        ; Combined                                           ;
; Rise/Fall Delays   ; Unavailable                                        ;
+--------------------+----------------------------------------------------+


+------------------------------------------+
; Parallel Compilation                     ;
+----------------------------+-------------+
; Processors                 ; Number      ;
+----------------------------+-------------+
; Number detected on machine ; 4           ;
; Maximum allowed            ; 2           ;
;                            ;             ;
; Average used               ; 1.00        ;
; Maximum used               ; 1           ;
;                            ;             ;
; Usage by Processor         ; % Time Used ;
;     Processor 1            ; 100.0%      ;
;     Processors 2-4         ;   0.0%      ;
+----------------------------+-------------+


+------------------------------------------------------------------------------------------------------------------------------------------------------------------------------------------+
; Clocks                                                                                                                                                                                   ;
+-------------+------+--------+------------+-------+-------+------------+-----------+-------------+-------+--------+-----------+------------+----------+--------+--------+-----------------+
; Clock Name  ; Type ; Period ; Frequency  ; Rise  ; Fall  ; Duty Cycle ; Divide by ; Multiply by ; Phase ; Offset ; Edge List ; Edge Shift ; Inverted ; Master ; Source ; Targets         ;
+-------------+------+--------+------------+-------+-------+------------+-----------+-------------+-------+--------+-----------+------------+----------+--------+--------+-----------------+
; hand_sum[0] ; Base ; 1.000  ; 1000.0 MHz ; 0.000 ; 0.500 ;            ;           ;             ;       ;        ;           ;            ;          ;        ;        ; { hand_sum[0] } ;
+-------------+------+--------+------------+-------+-------+------------+-----------+-------------+-------+--------+-----------+------------+----------+--------+--------+-----------------+


+---------------------------------------------------+
; Slow Model Fmax Summary                           ;
+------------+-----------------+-------------+------+
; Fmax       ; Restricted Fmax ; Clock Name  ; Note ;
+------------+-----------------+-------------+------+
; 159.95 MHz ; 159.95 MHz      ; hand_sum[0] ;      ;
+------------+-----------------+-------------+------+
This panel reports FMAX for every clock in the design, regardless of the user-specified clock periods.  FMAX is only computed for paths where the source and destination registers or ports are driven by the same clock.  Paths of different clocks, including generated clocks, are ignored.  For paths between a clock and its inversion, FMAX is computed as if the rising and falling edges are scaled along with FMAX, such that the duty cycle (in terms of a percentage) is maintained. Altera recommends that you always use clock constraints and other slack reports for sign-off analysis.


+--------------------------------------+
; Slow Model Setup Summary             ;
+-------------+--------+---------------+
; Clock       ; Slack  ; End Point TNS ;
+-------------+--------+---------------+
; hand_sum[0] ; -2.626 ; -2.626        ;
+-------------+--------+---------------+


+--------------------------------------+
; Slow Model Hold Summary              ;
+-------------+--------+---------------+
; Clock       ; Slack  ; End Point TNS ;
+-------------+--------+---------------+
; hand_sum[0] ; -0.698 ; -0.698        ;
+-------------+--------+---------------+


+--------------------------------------+
; Slow Model Recovery Summary          ;
+-------------+--------+---------------+
; Clock       ; Slack  ; End Point TNS ;
+-------------+--------+---------------+
; hand_sum[0] ; -2.947 ; -2.947        ;
+-------------+--------+---------------+


+-------------------------------------+
; Slow Model Removal Summary          ;
+-------------+-------+---------------+
; Clock       ; Slack ; End Point TNS ;
+-------------+-------+---------------+
; hand_sum[0] ; 0.171 ; 0.000         ;
+-------------+-------+---------------+


+----------------------------------------+
; Slow Model Minimum Pulse Width Summary ;
+-------------+--------+-----------------+
; Clock       ; Slack  ; End Point TNS   ;
+-------------+--------+-----------------+
; hand_sum[0] ; -1.469 ; -1.469          ;
+-------------+--------+-----------------+


+------------------------------------------------------------------------------------------------------------------------------------------------------+
; Slow Model Setup: 'hand_sum[0]'                                                                                                                      ;
+--------+-----------------------------------+-----------------------------------+--------------+-------------+--------------+------------+------------+
; Slack  ; From Node                         ; To Node                           ; Launch Clock ; Latch Clock ; Relationship ; Clock Skew ; Data Delay ;
+--------+-----------------------------------+-----------------------------------+--------------+-------------+--------------+------------+------------+
; -2.626 ; gA6_rules:inst|\sum_cards:new_ace ; gA6_rules:inst|\sum_cards:new_ace ; hand_sum[0]  ; hand_sum[0] ; 0.500        ; -0.526     ; 1.443      ;
; -2.301 ; gA6_rules:inst|\sum_cards:new_ace ; gA6_rules:inst|\sum_cards:new_ace ; hand_sum[0]  ; hand_sum[0] ; 0.500        ; -0.201     ; 1.443      ;
; -2.294 ; gA6_rules:inst|ace_out~1          ; gA6_rules:inst|\sum_cards:new_ace ; hand_sum[0]  ; hand_sum[0] ; 0.500        ; -0.327     ; 1.310      ;
; -2.059 ; gA6_rules:inst|\sum_cards:new_ace ; gA6_rules:inst|\sum_cards:new_ace ; hand_sum[0]  ; hand_sum[0] ; 1.000        ; -0.459     ; 1.443      ;
; -1.969 ; gA6_rules:inst|ace_out~1          ; gA6_rules:inst|\sum_cards:new_ace ; hand_sum[0]  ; hand_sum[0] ; 0.500        ; -0.002     ; 1.310      ;
; -1.868 ; gA6_rules:inst|\sum_cards:new_ace ; gA6_rules:inst|\sum_cards:new_ace ; hand_sum[0]  ; hand_sum[0] ; 1.000        ; -0.268     ; 1.443      ;
; -1.727 ; gA6_rules:inst|ace_out~1          ; gA6_rules:inst|\sum_cards:new_ace ; hand_sum[0]  ; hand_sum[0] ; 1.000        ; -0.260     ; 1.310      ;
; -1.536 ; gA6_rules:inst|ace_out~1          ; gA6_rules:inst|\sum_cards:new_ace ; hand_sum[0]  ; hand_sum[0] ; 1.000        ; -0.069     ; 1.310      ;
; -0.894 ; hand_sum[0]                       ; gA6_rules:inst|\sum_cards:new_ace ; hand_sum[0]  ; hand_sum[0] ; 0.500        ; 4.988      ; 5.225      ;
; -0.636 ; hand_sum[0]                       ; gA6_rules:inst|\sum_cards:new_ace ; hand_sum[0]  ; hand_sum[0] ; 0.500        ; 5.246      ; 5.225      ;
; -0.394 ; hand_sum[0]                       ; gA6_rules:inst|\sum_cards:new_ace ; hand_sum[0]  ; hand_sum[0] ; 1.000        ; 4.988      ; 5.225      ;
; -0.136 ; hand_sum[0]                       ; gA6_rules:inst|\sum_cards:new_ace ; hand_sum[0]  ; hand_sum[0] ; 1.000        ; 5.246      ; 5.225      ;
+--------+-----------------------------------+-----------------------------------+--------------+-------------+--------------+------------+------------+


+------------------------------------------------------------------------------------------------------------------------------------------------------+
; Slow Model Hold: 'hand_sum[0]'                                                                                                                       ;
+--------+-----------------------------------+-----------------------------------+--------------+-------------+--------------+------------+------------+
; Slack  ; From Node                         ; To Node                           ; Launch Clock ; Latch Clock ; Relationship ; Clock Skew ; Data Delay ;
+--------+-----------------------------------+-----------------------------------+--------------+-------------+--------------+------------+------------+
; -0.698 ; hand_sum[0]                       ; gA6_rules:inst|\sum_cards:new_ace ; hand_sum[0]  ; hand_sum[0] ; 0.000        ; 5.514      ; 4.816      ;
; -0.631 ; hand_sum[0]                       ; gA6_rules:inst|\sum_cards:new_ace ; hand_sum[0]  ; hand_sum[0] ; 0.000        ; 5.447      ; 4.816      ;
; -0.198 ; hand_sum[0]                       ; gA6_rules:inst|\sum_cards:new_ace ; hand_sum[0]  ; hand_sum[0] ; -0.500       ; 5.514      ; 4.816      ;
; -0.131 ; hand_sum[0]                       ; gA6_rules:inst|\sum_cards:new_ace ; hand_sum[0]  ; hand_sum[0] ; -0.500       ; 5.447      ; 4.816      ;
; 0.652  ; gA6_rules:inst|ace_out~1          ; gA6_rules:inst|\sum_cards:new_ace ; hand_sum[0]  ; hand_sum[0] ; 0.000        ; 0.658      ; 1.310      ;
; 0.843  ; gA6_rules:inst|ace_out~1          ; gA6_rules:inst|\sum_cards:new_ace ; hand_sum[0]  ; hand_sum[0] ; 0.000        ; 0.467      ; 1.310      ;
; 0.984  ; gA6_rules:inst|\sum_cards:new_ace ; gA6_rules:inst|\sum_cards:new_ace ; hand_sum[0]  ; hand_sum[0] ; 0.000        ; 0.459      ; 1.443      ;
; 1.085  ; gA6_rules:inst|ace_out~1          ; gA6_rules:inst|\sum_cards:new_ace ; hand_sum[0]  ; hand_sum[0] ; -0.500       ; 0.725      ; 1.310      ;
; 1.175  ; gA6_rules:inst|\sum_cards:new_ace ; gA6_rules:inst|\sum_cards:new_ace ; hand_sum[0]  ; hand_sum[0] ; 0.000        ; 0.268      ; 1.443      ;
; 1.410  ; gA6_rules:inst|ace_out~1          ; gA6_rules:inst|\sum_cards:new_ace ; hand_sum[0]  ; hand_sum[0] ; -0.500       ; 0.400      ; 1.310      ;
; 1.417  ; gA6_rules:inst|\sum_cards:new_ace ; gA6_rules:inst|\sum_cards:new_ace ; hand_sum[0]  ; hand_sum[0] ; -0.500       ; 0.526      ; 1.443      ;
; 1.742  ; gA6_rules:inst|\sum_cards:new_ace ; gA6_rules:inst|\sum_cards:new_ace ; hand_sum[0]  ; hand_sum[0] ; -0.500       ; 0.201      ; 1.443      ;
+--------+-----------------------------------+-----------------------------------+--------------+-------------+--------------+------------+------------+


+---------------------------------------------------------------------------------------------------------------------------------------------+
; Slow Model Recovery: 'hand_sum[0]'                                                                                                          ;
+--------+-----------------------------------+--------------------------+--------------+-------------+--------------+------------+------------+
; Slack  ; From Node                         ; To Node                  ; Launch Clock ; Latch Clock ; Relationship ; Clock Skew ; Data Delay ;
+--------+-----------------------------------+--------------------------+--------------+-------------+--------------+------------+------------+
; -2.947 ; gA6_rules:inst|\sum_cards:new_ace ; gA6_rules:inst|ace_out~1 ; hand_sum[0]  ; hand_sum[0] ; 0.500        ; -0.725     ; 1.590      ;
; -2.906 ; gA6_rules:inst|ace_out~1          ; gA6_rules:inst|ace_out~1 ; hand_sum[0]  ; hand_sum[0] ; 0.500        ; -0.526     ; 1.748      ;
; -2.622 ; gA6_rules:inst|\sum_cards:new_ace ; gA6_rules:inst|ace_out~1 ; hand_sum[0]  ; hand_sum[0] ; 0.500        ; -0.400     ; 1.590      ;
; -2.581 ; gA6_rules:inst|ace_out~1          ; gA6_rules:inst|ace_out~1 ; hand_sum[0]  ; hand_sum[0] ; 0.500        ; -0.201     ; 1.748      ;
; -2.380 ; gA6_rules:inst|\sum_cards:new_ace ; gA6_rules:inst|ace_out~1 ; hand_sum[0]  ; hand_sum[0] ; 1.000        ; -0.658     ; 1.590      ;
; -2.339 ; gA6_rules:inst|ace_out~1          ; gA6_rules:inst|ace_out~1 ; hand_sum[0]  ; hand_sum[0] ; 1.000        ; -0.459     ; 1.748      ;
; -2.189 ; gA6_rules:inst|\sum_cards:new_ace ; gA6_rules:inst|ace_out~1 ; hand_sum[0]  ; hand_sum[0] ; 1.000        ; -0.467     ; 1.590      ;
; -2.177 ; hand_sum[0]                       ; gA6_rules:inst|ace_out~1 ; hand_sum[0]  ; hand_sum[0] ; 0.500        ; 4.789      ; 6.334      ;
; -2.148 ; gA6_rules:inst|ace_out~1          ; gA6_rules:inst|ace_out~1 ; hand_sum[0]  ; hand_sum[0] ; 1.000        ; -0.268     ; 1.748      ;
; -1.919 ; hand_sum[0]                       ; gA6_rules:inst|ace_out~1 ; hand_sum[0]  ; hand_sum[0] ; 0.500        ; 5.047      ; 6.334      ;
; -1.677 ; hand_sum[0]                       ; gA6_rules:inst|ace_out~1 ; hand_sum[0]  ; hand_sum[0] ; 1.000        ; 4.789      ; 6.334      ;
; -1.419 ; hand_sum[0]                       ; gA6_rules:inst|ace_out~1 ; hand_sum[0]  ; hand_sum[0] ; 1.000        ; 5.047      ; 6.334      ;
+--------+-----------------------------------+--------------------------+--------------+-------------+--------------+------------+------------+


+--------------------------------------------------------------------------------------------------------------------------------------------+
; Slow Model Removal: 'hand_sum[0]'                                                                                                          ;
+-------+-----------------------------------+--------------------------+--------------+-------------+--------------+------------+------------+
; Slack ; From Node                         ; To Node                  ; Launch Clock ; Latch Clock ; Relationship ; Clock Skew ; Data Delay ;
+-------+-----------------------------------+--------------------------+--------------+-------------+--------------+------------+------------+
; 0.171 ; hand_sum[0]                       ; gA6_rules:inst|ace_out~1 ; hand_sum[0]  ; hand_sum[0] ; 0.000        ; 5.315      ; 5.486      ;
; 0.238 ; hand_sum[0]                       ; gA6_rules:inst|ace_out~1 ; hand_sum[0]  ; hand_sum[0] ; 0.000        ; 5.248      ; 5.486      ;
; 0.671 ; hand_sum[0]                       ; gA6_rules:inst|ace_out~1 ; hand_sum[0]  ; hand_sum[0] ; -0.500       ; 5.315      ; 5.486      ;
; 0.738 ; hand_sum[0]                       ; gA6_rules:inst|ace_out~1 ; hand_sum[0]  ; hand_sum[0] ; -0.500       ; 5.248      ; 5.486      ;
; 0.824 ; gA6_rules:inst|\sum_cards:new_ace ; gA6_rules:inst|ace_out~1 ; hand_sum[0]  ; hand_sum[0] ; 0.000        ; 0.260      ; 1.084      ;
; 1.015 ; gA6_rules:inst|\sum_cards:new_ace ; gA6_rules:inst|ace_out~1 ; hand_sum[0]  ; hand_sum[0] ; 0.000        ; 0.069      ; 1.084      ;
; 1.257 ; gA6_rules:inst|\sum_cards:new_ace ; gA6_rules:inst|ace_out~1 ; hand_sum[0]  ; hand_sum[0] ; -0.500       ; 0.327      ; 1.084      ;
; 1.289 ; gA6_rules:inst|ace_out~1          ; gA6_rules:inst|ace_out~1 ; hand_sum[0]  ; hand_sum[0] ; 0.000        ; 0.459      ; 1.748      ;
; 1.480 ; gA6_rules:inst|ace_out~1          ; gA6_rules:inst|ace_out~1 ; hand_sum[0]  ; hand_sum[0] ; 0.000        ; 0.268      ; 1.748      ;
; 1.582 ; gA6_rules:inst|\sum_cards:new_ace ; gA6_rules:inst|ace_out~1 ; hand_sum[0]  ; hand_sum[0] ; -0.500       ; 0.002      ; 1.084      ;
; 1.722 ; gA6_rules:inst|ace_out~1          ; gA6_rules:inst|ace_out~1 ; hand_sum[0]  ; hand_sum[0] ; -0.500       ; 0.526      ; 1.748      ;
; 2.047 ; gA6_rules:inst|ace_out~1          ; gA6_rules:inst|ace_out~1 ; hand_sum[0]  ; hand_sum[0] ; -0.500       ; 0.201      ; 1.748      ;
+-------+-----------------------------------+--------------------------+--------------+-------------+--------------+------------+------------+


+---------------------------------------------------------------------------------------------------------------------------+
; Slow Model Minimum Pulse Width: 'hand_sum[0]'                                                                             ;
+--------+--------------+----------------+------------------+-------------+------------+------------------------------------+
; Slack  ; Actual Width ; Required Width ; Type             ; Clock       ; Clock Edge ; Target                             ;
+--------+--------------+----------------+------------------+-------------+------------+------------------------------------+
; -1.469 ; 1.000        ; 2.469          ; Port Rate        ; hand_sum[0] ; Rise       ; hand_sum[0]                        ;
; 0.041  ; 0.041        ; 0.000          ; High Pulse Width ; hand_sum[0] ; Rise       ; gA6_rules:inst|\sum_cards:new_ace  ;
; 0.041  ; 0.041        ; 0.000          ; Low Pulse Width  ; hand_sum[0] ; Rise       ; gA6_rules:inst|\sum_cards:new_ace  ;
; 0.041  ; 0.041        ; 0.000          ; High Pulse Width ; hand_sum[0] ; Rise       ; gA6_rules:inst|ace_out~1           ;
; 0.041  ; 0.041        ; 0.000          ; Low Pulse Width  ; hand_sum[0] ; Rise       ; gA6_rules:inst|ace_out~1           ;
; 0.041  ; 0.041        ; 0.000          ; High Pulse Width ; hand_sum[0] ; Rise       ; inst|LessThan2~2|combout           ;
; 0.041  ; 0.041        ; 0.000          ; Low Pulse Width  ; hand_sum[0] ; Rise       ; inst|LessThan2~2|combout           ;
; 0.041  ; 0.041        ; 0.000          ; High Pulse Width ; hand_sum[0] ; Fall       ; inst|\sum_cards:new_ace|datac      ;
; 0.041  ; 0.041        ; 0.000          ; Low Pulse Width  ; hand_sum[0] ; Fall       ; inst|\sum_cards:new_ace|datac      ;
; 0.041  ; 0.041        ; 0.000          ; High Pulse Width ; hand_sum[0] ; Fall       ; inst|\sum_cards:new_ace~1|combout  ;
; 0.041  ; 0.041        ; 0.000          ; Low Pulse Width  ; hand_sum[0] ; Fall       ; inst|\sum_cards:new_ace~1|combout  ;
; 0.041  ; 0.041        ; 0.000          ; High Pulse Width ; hand_sum[0] ; Rise       ; inst|\sum_cards:new_ace~1|datad    ;
; 0.041  ; 0.041        ; 0.000          ; Low Pulse Width  ; hand_sum[0] ; Rise       ; inst|\sum_cards:new_ace~1|datad    ;
; 0.041  ; 0.041        ; 0.000          ; High Pulse Width ; hand_sum[0] ; Rise       ; inst|ace_out~1|datac               ;
; 0.041  ; 0.041        ; 0.000          ; Low Pulse Width  ; hand_sum[0] ; Rise       ; inst|ace_out~1|datac               ;
; 0.232  ; 0.232        ; 0.000          ; High Pulse Width ; hand_sum[0] ; Fall       ; gA6_rules:inst|\sum_cards:new_ace  ;
; 0.232  ; 0.232        ; 0.000          ; Low Pulse Width  ; hand_sum[0] ; Fall       ; gA6_rules:inst|\sum_cards:new_ace  ;
; 0.232  ; 0.232        ; 0.000          ; High Pulse Width ; hand_sum[0] ; Fall       ; gA6_rules:inst|ace_out~1           ;
; 0.232  ; 0.232        ; 0.000          ; Low Pulse Width  ; hand_sum[0] ; Fall       ; gA6_rules:inst|ace_out~1           ;
; 0.232  ; 0.232        ; 0.000          ; High Pulse Width ; hand_sum[0] ; Fall       ; inst|LessThan2~2|combout           ;
; 0.232  ; 0.232        ; 0.000          ; Low Pulse Width  ; hand_sum[0] ; Fall       ; inst|LessThan2~2|combout           ;
; 0.232  ; 0.232        ; 0.000          ; High Pulse Width ; hand_sum[0] ; Rise       ; inst|\sum_cards:new_ace|datac      ;
; 0.232  ; 0.232        ; 0.000          ; Low Pulse Width  ; hand_sum[0] ; Rise       ; inst|\sum_cards:new_ace|datac      ;
; 0.232  ; 0.232        ; 0.000          ; High Pulse Width ; hand_sum[0] ; Rise       ; inst|\sum_cards:new_ace~1|combout  ;
; 0.232  ; 0.232        ; 0.000          ; Low Pulse Width  ; hand_sum[0] ; Rise       ; inst|\sum_cards:new_ace~1|combout  ;
; 0.232  ; 0.232        ; 0.000          ; High Pulse Width ; hand_sum[0] ; Fall       ; inst|\sum_cards:new_ace~1|datad    ;
; 0.232  ; 0.232        ; 0.000          ; Low Pulse Width  ; hand_sum[0] ; Fall       ; inst|\sum_cards:new_ace~1|datad    ;
; 0.232  ; 0.232        ; 0.000          ; High Pulse Width ; hand_sum[0] ; Fall       ; inst|ace_out~1|datac               ;
; 0.232  ; 0.232        ; 0.000          ; Low Pulse Width  ; hand_sum[0] ; Fall       ; inst|ace_out~1|datac               ;
; 0.500  ; 0.500        ; 0.000          ; High Pulse Width ; hand_sum[0] ; Rise       ; hand_sum[0]|combout                ;
; 0.500  ; 0.500        ; 0.000          ; Low Pulse Width  ; hand_sum[0] ; Rise       ; hand_sum[0]|combout                ;
; 0.500  ; 0.500        ; 0.000          ; High Pulse Width ; hand_sum[0] ; Rise       ; inst|Add1~0|cin                    ;
; 0.500  ; 0.500        ; 0.000          ; Low Pulse Width  ; hand_sum[0] ; Rise       ; inst|Add1~0|cin                    ;
; 0.500  ; 0.500        ; 0.000          ; High Pulse Width ; hand_sum[0] ; Rise       ; inst|Add1~0|combout                ;
; 0.500  ; 0.500        ; 0.000          ; Low Pulse Width  ; hand_sum[0] ; Rise       ; inst|Add1~0|combout                ;
; 0.500  ; 0.500        ; 0.000          ; High Pulse Width ; hand_sum[0] ; Fall       ; inst|Add1~0|cout                   ;
; 0.500  ; 0.500        ; 0.000          ; Low Pulse Width  ; hand_sum[0] ; Fall       ; inst|Add1~0|cout                   ;
; 0.500  ; 0.500        ; 0.000          ; High Pulse Width ; hand_sum[0] ; Fall       ; inst|Add1~2|cin                    ;
; 0.500  ; 0.500        ; 0.000          ; Low Pulse Width  ; hand_sum[0] ; Fall       ; inst|Add1~2|cin                    ;
; 0.500  ; 0.500        ; 0.000          ; High Pulse Width ; hand_sum[0] ; Fall       ; inst|Add1~2|combout                ;
; 0.500  ; 0.500        ; 0.000          ; Low Pulse Width  ; hand_sum[0] ; Fall       ; inst|Add1~2|combout                ;
; 0.500  ; 0.500        ; 0.000          ; High Pulse Width ; hand_sum[0] ; Rise       ; inst|Add1~2|cout                   ;
; 0.500  ; 0.500        ; 0.000          ; Low Pulse Width  ; hand_sum[0] ; Rise       ; inst|Add1~2|cout                   ;
; 0.500  ; 0.500        ; 0.000          ; High Pulse Width ; hand_sum[0] ; Rise       ; inst|Add1~4|cin                    ;
; 0.500  ; 0.500        ; 0.000          ; Low Pulse Width  ; hand_sum[0] ; Rise       ; inst|Add1~4|cin                    ;
; 0.500  ; 0.500        ; 0.000          ; High Pulse Width ; hand_sum[0] ; Rise       ; inst|Add1~4|combout                ;
; 0.500  ; 0.500        ; 0.000          ; Low Pulse Width  ; hand_sum[0] ; Rise       ; inst|Add1~4|combout                ;
; 0.500  ; 0.500        ; 0.000          ; High Pulse Width ; hand_sum[0] ; Fall       ; inst|Add1~4|cout                   ;
; 0.500  ; 0.500        ; 0.000          ; Low Pulse Width  ; hand_sum[0] ; Fall       ; inst|Add1~4|cout                   ;
; 0.500  ; 0.500        ; 0.000          ; High Pulse Width ; hand_sum[0] ; Fall       ; inst|Add1~6|cin                    ;
; 0.500  ; 0.500        ; 0.000          ; Low Pulse Width  ; hand_sum[0] ; Fall       ; inst|Add1~6|cin                    ;
; 0.500  ; 0.500        ; 0.000          ; High Pulse Width ; hand_sum[0] ; Fall       ; inst|Add1~6|combout                ;
; 0.500  ; 0.500        ; 0.000          ; Low Pulse Width  ; hand_sum[0] ; Fall       ; inst|Add1~6|combout                ;
; 0.500  ; 0.500        ; 0.000          ; High Pulse Width ; hand_sum[0] ; Rise       ; inst|Add1~6|cout                   ;
; 0.500  ; 0.500        ; 0.000          ; Low Pulse Width  ; hand_sum[0] ; Rise       ; inst|Add1~6|cout                   ;
; 0.500  ; 0.500        ; 0.000          ; High Pulse Width ; hand_sum[0] ; Rise       ; inst|Add1~8|cin                    ;
; 0.500  ; 0.500        ; 0.000          ; Low Pulse Width  ; hand_sum[0] ; Rise       ; inst|Add1~8|cin                    ;
; 0.500  ; 0.500        ; 0.000          ; High Pulse Width ; hand_sum[0] ; Rise       ; inst|Add1~8|combout                ;
; 0.500  ; 0.500        ; 0.000          ; Low Pulse Width  ; hand_sum[0] ; Rise       ; inst|Add1~8|combout                ;
; 0.500  ; 0.500        ; 0.000          ; High Pulse Width ; hand_sum[0] ; Rise       ; inst|LessThan2~1|combout           ;
; 0.500  ; 0.500        ; 0.000          ; High Pulse Width ; hand_sum[0] ; Fall       ; inst|LessThan2~1|combout           ;
; 0.500  ; 0.500        ; 0.000          ; Low Pulse Width  ; hand_sum[0] ; Rise       ; inst|LessThan2~1|combout           ;
; 0.500  ; 0.500        ; 0.000          ; Low Pulse Width  ; hand_sum[0] ; Fall       ; inst|LessThan2~1|combout           ;
; 0.500  ; 0.500        ; 0.000          ; High Pulse Width ; hand_sum[0] ; Rise       ; inst|LessThan2~1|datac             ;
; 0.500  ; 0.500        ; 0.000          ; Low Pulse Width  ; hand_sum[0] ; Rise       ; inst|LessThan2~1|datac             ;
; 0.500  ; 0.500        ; 0.000          ; High Pulse Width ; hand_sum[0] ; Fall       ; inst|LessThan2~1|datad             ;
; 0.500  ; 0.500        ; 0.000          ; Low Pulse Width  ; hand_sum[0] ; Fall       ; inst|LessThan2~1|datad             ;
; 0.500  ; 0.500        ; 0.000          ; High Pulse Width ; hand_sum[0] ; Rise       ; inst|LessThan2~2|dataa             ;
; 0.500  ; 0.500        ; 0.000          ; Low Pulse Width  ; hand_sum[0] ; Rise       ; inst|LessThan2~2|dataa             ;
; 0.500  ; 0.500        ; 0.000          ; High Pulse Width ; hand_sum[0] ; Rise       ; inst|LessThan2~2|datab             ;
; 0.500  ; 0.500        ; 0.000          ; Low Pulse Width  ; hand_sum[0] ; Rise       ; inst|LessThan2~2|datab             ;
; 0.500  ; 0.500        ; 0.000          ; High Pulse Width ; hand_sum[0] ; Rise       ; inst|LessThan2~2|datac             ;
; 0.500  ; 0.500        ; 0.000          ; High Pulse Width ; hand_sum[0] ; Fall       ; inst|LessThan2~2|datac             ;
; 0.500  ; 0.500        ; 0.000          ; Low Pulse Width  ; hand_sum[0] ; Rise       ; inst|LessThan2~2|datac             ;
; 0.500  ; 0.500        ; 0.000          ; Low Pulse Width  ; hand_sum[0] ; Fall       ; inst|LessThan2~2|datac             ;
; 0.500  ; 0.500        ; 0.000          ; High Pulse Width ; hand_sum[0] ; Fall       ; inst|LessThan2~2|datad             ;
; 0.500  ; 0.500        ; 0.000          ; Low Pulse Width  ; hand_sum[0] ; Fall       ; inst|LessThan2~2|datad             ;
; 0.500  ; 0.500        ; 0.000          ; High Pulse Width ; hand_sum[0] ; Rise       ; inst|\sum_cards:new_sum[0]~1|cout  ;
; 0.500  ; 0.500        ; 0.000          ; Low Pulse Width  ; hand_sum[0] ; Rise       ; inst|\sum_cards:new_sum[0]~1|cout  ;
; 0.500  ; 0.500        ; 0.000          ; High Pulse Width ; hand_sum[0] ; Rise       ; inst|\sum_cards:new_sum[0]~1|datab ;
; 0.500  ; 0.500        ; 0.000          ; Low Pulse Width  ; hand_sum[0] ; Rise       ; inst|\sum_cards:new_sum[0]~1|datab ;
+--------+--------------+----------------+------------------+-------------+------------+------------------------------------+


+-----------------------------------------------------------------------------+
; Setup Times                                                                 ;
+--------------+-------------+--------+--------+------------+-----------------+
; Data Port    ; Clock Port  ; Rise   ; Fall   ; Clock Edge ; Clock Reference ;
+--------------+-------------+--------+--------+------------+-----------------+
; hand_sum[*]  ; hand_sum[0] ; 5.752  ; 5.752  ; Rise       ; hand_sum[0]     ;
;  hand_sum[0] ; hand_sum[0] ; 1.394  ; 1.394  ; Rise       ; hand_sum[0]     ;
;  hand_sum[1] ; hand_sum[0] ; 5.752  ; 5.752  ; Rise       ; hand_sum[0]     ;
;  hand_sum[2] ; hand_sum[0] ; 5.181  ; 5.181  ; Rise       ; hand_sum[0]     ;
;  hand_sum[3] ; hand_sum[0] ; 5.053  ; 5.053  ; Rise       ; hand_sum[0]     ;
;  hand_sum[4] ; hand_sum[0] ; 4.754  ; 4.754  ; Rise       ; hand_sum[0]     ;
;  hand_sum[5] ; hand_sum[0] ; 4.019  ; 4.019  ; Rise       ; hand_sum[0]     ;
; new_card[*]  ; hand_sum[0] ; 16.942 ; 16.942 ; Rise       ; hand_sum[0]     ;
;  new_card[0] ; hand_sum[0] ; 11.304 ; 11.304 ; Rise       ; hand_sum[0]     ;
;  new_card[1] ; hand_sum[0] ; 14.325 ; 14.325 ; Rise       ; hand_sum[0]     ;
;  new_card[2] ; hand_sum[0] ; 16.942 ; 16.942 ; Rise       ; hand_sum[0]     ;
;  new_card[3] ; hand_sum[0] ; 16.917 ; 16.917 ; Rise       ; hand_sum[0]     ;
;  new_card[4] ; hand_sum[0] ; 16.801 ; 16.801 ; Rise       ; hand_sum[0]     ;
;  new_card[5] ; hand_sum[0] ; 16.686 ; 16.686 ; Rise       ; hand_sum[0]     ;
; hand_sum[*]  ; hand_sum[0] ; 5.494  ; 5.494  ; Fall       ; hand_sum[0]     ;
;  hand_sum[0] ; hand_sum[0] ; 1.136  ; 1.136  ; Fall       ; hand_sum[0]     ;
;  hand_sum[1] ; hand_sum[0] ; 5.494  ; 5.494  ; Fall       ; hand_sum[0]     ;
;  hand_sum[2] ; hand_sum[0] ; 4.923  ; 4.923  ; Fall       ; hand_sum[0]     ;
;  hand_sum[3] ; hand_sum[0] ; 4.795  ; 4.795  ; Fall       ; hand_sum[0]     ;
;  hand_sum[4] ; hand_sum[0] ; 4.496  ; 4.496  ; Fall       ; hand_sum[0]     ;
;  hand_sum[5] ; hand_sum[0] ; 3.761  ; 3.761  ; Fall       ; hand_sum[0]     ;
; new_card[*]  ; hand_sum[0] ; 16.684 ; 16.684 ; Fall       ; hand_sum[0]     ;
;  new_card[0] ; hand_sum[0] ; 11.046 ; 11.046 ; Fall       ; hand_sum[0]     ;
;  new_card[1] ; hand_sum[0] ; 14.067 ; 14.067 ; Fall       ; hand_sum[0]     ;
;  new_card[2] ; hand_sum[0] ; 16.684 ; 16.684 ; Fall       ; hand_sum[0]     ;
;  new_card[3] ; hand_sum[0] ; 16.659 ; 16.659 ; Fall       ; hand_sum[0]     ;
;  new_card[4] ; hand_sum[0] ; 16.543 ; 16.543 ; Fall       ; hand_sum[0]     ;
;  new_card[5] ; hand_sum[0] ; 16.428 ; 16.428 ; Fall       ; hand_sum[0]     ;
+--------------+-------------+--------+--------+------------+-----------------+


+-----------------------------------------------------------------------------+
; Hold Times                                                                  ;
+--------------+-------------+--------+--------+------------+-----------------+
; Data Port    ; Clock Port  ; Rise   ; Fall   ; Clock Edge ; Clock Reference ;
+--------------+-------------+--------+--------+------------+-----------------+
; hand_sum[*]  ; hand_sum[0] ; 0.631  ; 0.631  ; Rise       ; hand_sum[0]     ;
;  hand_sum[0] ; hand_sum[0] ; 0.631  ; 0.631  ; Rise       ; hand_sum[0]     ;
;  hand_sum[1] ; hand_sum[0] ; -3.658 ; -3.658 ; Rise       ; hand_sum[0]     ;
;  hand_sum[2] ; hand_sum[0] ; -3.316 ; -3.316 ; Rise       ; hand_sum[0]     ;
;  hand_sum[3] ; hand_sum[0] ; -3.148 ; -3.148 ; Rise       ; hand_sum[0]     ;
;  hand_sum[4] ; hand_sum[0] ; -2.967 ; -2.967 ; Rise       ; hand_sum[0]     ;
;  hand_sum[5] ; hand_sum[0] ; -2.403 ; -2.403 ; Rise       ; hand_sum[0]     ;
; new_card[*]  ; hand_sum[0] ; -3.985 ; -3.985 ; Rise       ; hand_sum[0]     ;
;  new_card[0] ; hand_sum[0] ; -3.985 ; -3.985 ; Rise       ; hand_sum[0]     ;
;  new_card[1] ; hand_sum[0] ; -5.352 ; -5.352 ; Rise       ; hand_sum[0]     ;
;  new_card[2] ; hand_sum[0] ; -4.953 ; -4.953 ; Rise       ; hand_sum[0]     ;
;  new_card[3] ; hand_sum[0] ; -5.643 ; -5.643 ; Rise       ; hand_sum[0]     ;
;  new_card[4] ; hand_sum[0] ; -5.109 ; -5.109 ; Rise       ; hand_sum[0]     ;
;  new_card[5] ; hand_sum[0] ; -4.645 ; -4.645 ; Rise       ; hand_sum[0]     ;
; hand_sum[*]  ; hand_sum[0] ; 0.698  ; 0.698  ; Fall       ; hand_sum[0]     ;
;  hand_sum[0] ; hand_sum[0] ; 0.698  ; 0.698  ; Fall       ; hand_sum[0]     ;
;  hand_sum[1] ; hand_sum[0] ; -3.591 ; -3.591 ; Fall       ; hand_sum[0]     ;
;  hand_sum[2] ; hand_sum[0] ; -3.249 ; -3.249 ; Fall       ; hand_sum[0]     ;
;  hand_sum[3] ; hand_sum[0] ; -3.081 ; -3.081 ; Fall       ; hand_sum[0]     ;
;  hand_sum[4] ; hand_sum[0] ; -2.900 ; -2.900 ; Fall       ; hand_sum[0]     ;
;  hand_sum[5] ; hand_sum[0] ; -2.336 ; -2.336 ; Fall       ; hand_sum[0]     ;
; new_card[*]  ; hand_sum[0] ; -3.918 ; -3.918 ; Fall       ; hand_sum[0]     ;
;  new_card[0] ; hand_sum[0] ; -3.918 ; -3.918 ; Fall       ; hand_sum[0]     ;
;  new_card[1] ; hand_sum[0] ; -5.285 ; -5.285 ; Fall       ; hand_sum[0]     ;
;  new_card[2] ; hand_sum[0] ; -4.886 ; -4.886 ; Fall       ; hand_sum[0]     ;
;  new_card[3] ; hand_sum[0] ; -5.576 ; -5.576 ; Fall       ; hand_sum[0]     ;
;  new_card[4] ; hand_sum[0] ; -5.042 ; -5.042 ; Fall       ; hand_sum[0]     ;
;  new_card[5] ; hand_sum[0] ; -4.578 ; -4.578 ; Fall       ; hand_sum[0]     ;
+--------------+-------------+--------+--------+------------+-----------------+


+---------------------------------------------------------------------------+
; Clock to Output Times                                                     ;
+------------+-------------+--------+--------+------------+-----------------+
; Data Port  ; Clock Port  ; Rise   ; Fall   ; Clock Edge ; Clock Reference ;
+------------+-------------+--------+--------+------------+-----------------+
; ace_out    ; hand_sum[0] ; 8.951  ; 8.951  ; Rise       ; hand_sum[0]     ;
; legal_play ; hand_sum[0] ; 10.255 ; 10.255 ; Rise       ; hand_sum[0]     ;
; ace_out    ; hand_sum[0] ; 9.018  ; 9.018  ; Fall       ; hand_sum[0]     ;
; legal_play ; hand_sum[0] ; 10.322 ; 10.322 ; Fall       ; hand_sum[0]     ;
+------------+-------------+--------+--------+------------+-----------------+


+-------------------------------------------------------------------------+
; Minimum Clock to Output Times                                           ;
+------------+-------------+-------+-------+------------+-----------------+
; Data Port  ; Clock Port  ; Rise  ; Fall  ; Clock Edge ; Clock Reference ;
+------------+-------------+-------+-------+------------+-----------------+
; ace_out    ; hand_sum[0] ; 8.492 ; 8.492 ; Rise       ; hand_sum[0]     ;
; legal_play ; hand_sum[0] ; 8.704 ; 8.704 ; Rise       ; hand_sum[0]     ;
; ace_out    ; hand_sum[0] ; 8.750 ; 8.750 ; Fall       ; hand_sum[0]     ;
; legal_play ; hand_sum[0] ; 8.704 ; 8.704 ; Fall       ; hand_sum[0]     ;
+------------+-------------+-------+-------+------------+-----------------+


+---------------------------------------------------------------+
; Propagation Delay                                             ;
+-------------+-------------+--------+--------+--------+--------+
; Input Port  ; Output Port ; RR     ; RF     ; FR     ; FF     ;
+-------------+-------------+--------+--------+--------+--------+
; hand_sum[1] ; legal_play  ; 13.910 ; 13.910 ; 13.910 ; 13.910 ;
; hand_sum[2] ; legal_play  ; 13.453 ; 13.453 ; 13.453 ; 13.453 ;
; hand_sum[3] ; legal_play  ; 13.112 ; 13.112 ; 13.112 ; 13.112 ;
; hand_sum[4] ; legal_play  ; 12.863 ; 12.863 ; 12.863 ; 12.863 ;
; hand_sum[5] ; legal_play  ; 12.128 ; 12.128 ; 12.128 ; 12.128 ;
; new_card[0] ; legal_play  ; 19.462 ; 19.462 ; 19.462 ; 19.462 ;
; new_card[1] ; legal_play  ; 22.483 ; 22.483 ; 22.483 ; 22.483 ;
; new_card[2] ; legal_play  ; 25.100 ; 25.100 ; 25.100 ; 25.100 ;
; new_card[3] ; legal_play  ; 25.075 ; 25.075 ; 25.075 ; 25.075 ;
; new_card[4] ; legal_play  ; 24.959 ; 24.959 ; 24.959 ; 24.959 ;
; new_card[5] ; legal_play  ; 24.844 ; 24.844 ; 24.844 ; 24.844 ;
+-------------+-------------+--------+--------+--------+--------+


+---------------------------------------------------------------+
; Minimum Propagation Delay                                     ;
+-------------+-------------+--------+--------+--------+--------+
; Input Port  ; Output Port ; RR     ; RF     ; FR     ; FF     ;
+-------------+-------------+--------+--------+--------+--------+
; hand_sum[1] ; legal_play  ; 12.952 ; 12.952 ; 12.952 ; 12.952 ;
; hand_sum[2] ; legal_play  ; 12.648 ; 12.648 ; 12.648 ; 12.648 ;
; hand_sum[3] ; legal_play  ; 12.256 ; 12.256 ; 12.256 ; 12.256 ;
; hand_sum[4] ; legal_play  ; 12.121 ; 12.121 ; 12.121 ; 12.121 ;
; hand_sum[5] ; legal_play  ; 12.011 ; 12.011 ; 12.011 ; 12.011 ;
; new_card[0] ; legal_play  ; 12.893 ; 12.828 ; 12.828 ; 12.893 ;
; new_card[1] ; legal_play  ; 14.527 ; 14.195 ; 14.195 ; 14.527 ;
; new_card[2] ; legal_play  ; 13.796 ; 13.796 ; 13.796 ; 13.796 ;
; new_card[3] ; legal_play  ; 14.486 ; 14.486 ; 14.486 ; 14.486 ;
; new_card[4] ; legal_play  ; 13.952 ; 13.952 ; 13.952 ; 13.952 ;
; new_card[5] ; legal_play  ; 13.488 ; 13.488 ; 13.488 ; 13.488 ;
+-------------+-------------+--------+--------+--------+--------+


+--------------------------------------+
; Fast Model Setup Summary             ;
+-------------+--------+---------------+
; Clock       ; Slack  ; End Point TNS ;
+-------------+--------+---------------+
; hand_sum[0] ; -0.589 ; -0.589        ;
+-------------+--------+---------------+


+--------------------------------------+
; Fast Model Hold Summary              ;
+-------------+--------+---------------+
; Clock       ; Slack  ; End Point TNS ;
+-------------+--------+---------------+
; hand_sum[0] ; -0.233 ; -0.233        ;
+-------------+--------+---------------+


+--------------------------------------+
; Fast Model Recovery Summary          ;
+-------------+--------+---------------+
; Clock       ; Slack  ; End Point TNS ;
+-------------+--------+---------------+
; hand_sum[0] ; -0.689 ; -0.689        ;
+-------------+--------+---------------+


+-------------------------------------+
; Fast Model Removal Summary          ;
+-------------+-------+---------------+
; Clock       ; Slack ; End Point TNS ;
+-------------+-------+---------------+
; hand_sum[0] ; 0.080 ; 0.000         ;
+-------------+-------+---------------+


+----------------------------------------+
; Fast Model Minimum Pulse Width Summary ;
+-------------+--------+-----------------+
; Clock       ; Slack  ; End Point TNS   ;
+-------------+--------+-----------------+
; hand_sum[0] ; -1.222 ; -1.222          ;
+-------------+--------+-----------------+


+------------------------------------------------------------------------------------------------------------------------------------------------------+
; Fast Model Setup: 'hand_sum[0]'                                                                                                                      ;
+--------+-----------------------------------+-----------------------------------+--------------+-------------+--------------+------------+------------+
; Slack  ; From Node                         ; To Node                           ; Launch Clock ; Latch Clock ; Relationship ; Clock Skew ; Data Delay ;
+--------+-----------------------------------+-----------------------------------+--------------+-------------+--------------+------------+------------+
; -0.589 ; gA6_rules:inst|\sum_cards:new_ace ; gA6_rules:inst|\sum_cards:new_ace ; hand_sum[0]  ; hand_sum[0] ; 0.500        ; -0.164     ; 0.527      ;
; -0.510 ; gA6_rules:inst|\sum_cards:new_ace ; gA6_rules:inst|\sum_cards:new_ace ; hand_sum[0]  ; hand_sum[0] ; 0.500        ; -0.085     ; 0.527      ;
; -0.455 ; gA6_rules:inst|ace_out~1          ; gA6_rules:inst|\sum_cards:new_ace ; hand_sum[0]  ; hand_sum[0] ; 0.500        ; -0.098     ; 0.459      ;
; -0.376 ; gA6_rules:inst|ace_out~1          ; gA6_rules:inst|\sum_cards:new_ace ; hand_sum[0]  ; hand_sum[0] ; 0.500        ; -0.019     ; 0.459      ;
; -0.091 ; gA6_rules:inst|\sum_cards:new_ace ; gA6_rules:inst|\sum_cards:new_ace ; hand_sum[0]  ; hand_sum[0] ; 1.000        ; -0.166     ; 0.527      ;
; -0.008 ; gA6_rules:inst|\sum_cards:new_ace ; gA6_rules:inst|\sum_cards:new_ace ; hand_sum[0]  ; hand_sum[0] ; 1.000        ; -0.083     ; 0.527      ;
; 0.038  ; hand_sum[0]                       ; gA6_rules:inst|\sum_cards:new_ace ; hand_sum[0]  ; hand_sum[0] ; 0.500        ; 1.984      ; 2.048      ;
; 0.043  ; gA6_rules:inst|ace_out~1          ; gA6_rules:inst|\sum_cards:new_ace ; hand_sum[0]  ; hand_sum[0] ; 1.000        ; -0.100     ; 0.459      ;
; 0.119  ; hand_sum[0]                       ; gA6_rules:inst|\sum_cards:new_ace ; hand_sum[0]  ; hand_sum[0] ; 0.500        ; 2.065      ; 2.048      ;
; 0.126  ; gA6_rules:inst|ace_out~1          ; gA6_rules:inst|\sum_cards:new_ace ; hand_sum[0]  ; hand_sum[0] ; 1.000        ; -0.017     ; 0.459      ;
; 0.538  ; hand_sum[0]                       ; gA6_rules:inst|\sum_cards:new_ace ; hand_sum[0]  ; hand_sum[0] ; 1.000        ; 1.984      ; 2.048      ;
; 0.619  ; hand_sum[0]                       ; gA6_rules:inst|\sum_cards:new_ace ; hand_sum[0]  ; hand_sum[0] ; 1.000        ; 2.065      ; 2.048      ;
+--------+-----------------------------------+-----------------------------------+--------------+-------------+--------------+------------+------------+


+------------------------------------------------------------------------------------------------------------------------------------------------------+
; Fast Model Hold: 'hand_sum[0]'                                                                                                                       ;
+--------+-----------------------------------+-----------------------------------+--------------+-------------+--------------+------------+------------+
; Slack  ; From Node                         ; To Node                           ; Launch Clock ; Latch Clock ; Relationship ; Clock Skew ; Data Delay ;
+--------+-----------------------------------+-----------------------------------+--------------+-------------+--------------+------------+------------+
; -0.233 ; hand_sum[0]                       ; gA6_rules:inst|\sum_cards:new_ace ; hand_sum[0]  ; hand_sum[0] ; 0.000        ; 2.150      ; 1.917      ;
; -0.231 ; hand_sum[0]                       ; gA6_rules:inst|\sum_cards:new_ace ; hand_sum[0]  ; hand_sum[0] ; 0.000        ; 2.148      ; 1.917      ;
; 0.227  ; gA6_rules:inst|ace_out~1          ; gA6_rules:inst|\sum_cards:new_ace ; hand_sum[0]  ; hand_sum[0] ; 0.000        ; 0.232      ; 0.459      ;
; 0.267  ; hand_sum[0]                       ; gA6_rules:inst|\sum_cards:new_ace ; hand_sum[0]  ; hand_sum[0] ; -0.500       ; 2.150      ; 1.917      ;
; 0.269  ; hand_sum[0]                       ; gA6_rules:inst|\sum_cards:new_ace ; hand_sum[0]  ; hand_sum[0] ; -0.500       ; 2.148      ; 1.917      ;
; 0.310  ; gA6_rules:inst|ace_out~1          ; gA6_rules:inst|\sum_cards:new_ace ; hand_sum[0]  ; hand_sum[0] ; 0.000        ; 0.149      ; 0.459      ;
; 0.361  ; gA6_rules:inst|\sum_cards:new_ace ; gA6_rules:inst|\sum_cards:new_ace ; hand_sum[0]  ; hand_sum[0] ; 0.000        ; 0.166      ; 0.527      ;
; 0.444  ; gA6_rules:inst|\sum_cards:new_ace ; gA6_rules:inst|\sum_cards:new_ace ; hand_sum[0]  ; hand_sum[0] ; 0.000        ; 0.083      ; 0.527      ;
; 0.729  ; gA6_rules:inst|ace_out~1          ; gA6_rules:inst|\sum_cards:new_ace ; hand_sum[0]  ; hand_sum[0] ; -0.500       ; 0.230      ; 0.459      ;
; 0.808  ; gA6_rules:inst|ace_out~1          ; gA6_rules:inst|\sum_cards:new_ace ; hand_sum[0]  ; hand_sum[0] ; -0.500       ; 0.151      ; 0.459      ;
; 0.863  ; gA6_rules:inst|\sum_cards:new_ace ; gA6_rules:inst|\sum_cards:new_ace ; hand_sum[0]  ; hand_sum[0] ; -0.500       ; 0.164      ; 0.527      ;
; 0.942  ; gA6_rules:inst|\sum_cards:new_ace ; gA6_rules:inst|\sum_cards:new_ace ; hand_sum[0]  ; hand_sum[0] ; -0.500       ; 0.085      ; 0.527      ;
+--------+-----------------------------------+-----------------------------------+--------------+-------------+--------------+------------+------------+


+---------------------------------------------------------------------------------------------------------------------------------------------+
; Fast Model Recovery: 'hand_sum[0]'                                                                                                          ;
+--------+-----------------------------------+--------------------------+--------------+-------------+--------------+------------+------------+
; Slack  ; From Node                         ; To Node                  ; Launch Clock ; Latch Clock ; Relationship ; Clock Skew ; Data Delay ;
+--------+-----------------------------------+--------------------------+--------------+-------------+--------------+------------+------------+
; -0.689 ; gA6_rules:inst|\sum_cards:new_ace ; gA6_rules:inst|ace_out~1 ; hand_sum[0]  ; hand_sum[0] ; 0.500        ; -0.230     ; 0.556      ;
; -0.681 ; gA6_rules:inst|ace_out~1          ; gA6_rules:inst|ace_out~1 ; hand_sum[0]  ; hand_sum[0] ; 0.500        ; -0.164     ; 0.614      ;
; -0.610 ; gA6_rules:inst|\sum_cards:new_ace ; gA6_rules:inst|ace_out~1 ; hand_sum[0]  ; hand_sum[0] ; 0.500        ; -0.151     ; 0.556      ;
; -0.602 ; gA6_rules:inst|ace_out~1          ; gA6_rules:inst|ace_out~1 ; hand_sum[0]  ; hand_sum[0] ; 0.500        ; -0.085     ; 0.614      ;
; -0.421 ; hand_sum[0]                       ; gA6_rules:inst|ace_out~1 ; hand_sum[0]  ; hand_sum[0] ; 0.500        ; 1.918      ; 2.436      ;
; -0.340 ; hand_sum[0]                       ; gA6_rules:inst|ace_out~1 ; hand_sum[0]  ; hand_sum[0] ; 0.500        ; 1.999      ; 2.436      ;
; -0.191 ; gA6_rules:inst|\sum_cards:new_ace ; gA6_rules:inst|ace_out~1 ; hand_sum[0]  ; hand_sum[0] ; 1.000        ; -0.232     ; 0.556      ;
; -0.183 ; gA6_rules:inst|ace_out~1          ; gA6_rules:inst|ace_out~1 ; hand_sum[0]  ; hand_sum[0] ; 1.000        ; -0.166     ; 0.614      ;
; -0.108 ; gA6_rules:inst|\sum_cards:new_ace ; gA6_rules:inst|ace_out~1 ; hand_sum[0]  ; hand_sum[0] ; 1.000        ; -0.149     ; 0.556      ;
; -0.100 ; gA6_rules:inst|ace_out~1          ; gA6_rules:inst|ace_out~1 ; hand_sum[0]  ; hand_sum[0] ; 1.000        ; -0.083     ; 0.614      ;
; 0.079  ; hand_sum[0]                       ; gA6_rules:inst|ace_out~1 ; hand_sum[0]  ; hand_sum[0] ; 1.000        ; 1.918      ; 2.436      ;
; 0.160  ; hand_sum[0]                       ; gA6_rules:inst|ace_out~1 ; hand_sum[0]  ; hand_sum[0] ; 1.000        ; 1.999      ; 2.436      ;
+--------+-----------------------------------+--------------------------+--------------+-------------+--------------+------------+------------+


+--------------------------------------------------------------------------------------------------------------------------------------------+
; Fast Model Removal: 'hand_sum[0]'                                                                                                          ;
+-------+-----------------------------------+--------------------------+--------------+-------------+--------------+------------+------------+
; Slack ; From Node                         ; To Node                  ; Launch Clock ; Latch Clock ; Relationship ; Clock Skew ; Data Delay ;
+-------+-----------------------------------+--------------------------+--------------+-------------+--------------+------------+------------+
; 0.080 ; hand_sum[0]                       ; gA6_rules:inst|ace_out~1 ; hand_sum[0]  ; hand_sum[0] ; 0.000        ; 2.084      ; 2.164      ;
; 0.082 ; hand_sum[0]                       ; gA6_rules:inst|ace_out~1 ; hand_sum[0]  ; hand_sum[0] ; 0.000        ; 2.082      ; 2.164      ;
; 0.290 ; gA6_rules:inst|\sum_cards:new_ace ; gA6_rules:inst|ace_out~1 ; hand_sum[0]  ; hand_sum[0] ; 0.000        ; 0.100      ; 0.390      ;
; 0.373 ; gA6_rules:inst|\sum_cards:new_ace ; gA6_rules:inst|ace_out~1 ; hand_sum[0]  ; hand_sum[0] ; 0.000        ; 0.017      ; 0.390      ;
; 0.448 ; gA6_rules:inst|ace_out~1          ; gA6_rules:inst|ace_out~1 ; hand_sum[0]  ; hand_sum[0] ; 0.000        ; 0.166      ; 0.614      ;
; 0.531 ; gA6_rules:inst|ace_out~1          ; gA6_rules:inst|ace_out~1 ; hand_sum[0]  ; hand_sum[0] ; 0.000        ; 0.083      ; 0.614      ;
; 0.580 ; hand_sum[0]                       ; gA6_rules:inst|ace_out~1 ; hand_sum[0]  ; hand_sum[0] ; -0.500       ; 2.084      ; 2.164      ;
; 0.582 ; hand_sum[0]                       ; gA6_rules:inst|ace_out~1 ; hand_sum[0]  ; hand_sum[0] ; -0.500       ; 2.082      ; 2.164      ;
; 0.792 ; gA6_rules:inst|\sum_cards:new_ace ; gA6_rules:inst|ace_out~1 ; hand_sum[0]  ; hand_sum[0] ; -0.500       ; 0.098      ; 0.390      ;
; 0.871 ; gA6_rules:inst|\sum_cards:new_ace ; gA6_rules:inst|ace_out~1 ; hand_sum[0]  ; hand_sum[0] ; -0.500       ; 0.019      ; 0.390      ;
; 0.950 ; gA6_rules:inst|ace_out~1          ; gA6_rules:inst|ace_out~1 ; hand_sum[0]  ; hand_sum[0] ; -0.500       ; 0.164      ; 0.614      ;
; 1.029 ; gA6_rules:inst|ace_out~1          ; gA6_rules:inst|ace_out~1 ; hand_sum[0]  ; hand_sum[0] ; -0.500       ; 0.085      ; 0.614      ;
+-------+-----------------------------------+--------------------------+--------------+-------------+--------------+------------+------------+


+---------------------------------------------------------------------------------------------------------------------------+
; Fast Model Minimum Pulse Width: 'hand_sum[0]'                                                                             ;
+--------+--------------+----------------+------------------+-------------+------------+------------------------------------+
; Slack  ; Actual Width ; Required Width ; Type             ; Clock       ; Clock Edge ; Target                             ;
+--------+--------------+----------------+------------------+-------------+------------+------------------------------------+
; -1.222 ; 1.000        ; 2.222          ; Port Rate        ; hand_sum[0] ; Rise       ; hand_sum[0]                        ;
; 0.334  ; 0.334        ; 0.000          ; High Pulse Width ; hand_sum[0] ; Rise       ; gA6_rules:inst|\sum_cards:new_ace  ;
; 0.334  ; 0.334        ; 0.000          ; Low Pulse Width  ; hand_sum[0] ; Rise       ; gA6_rules:inst|\sum_cards:new_ace  ;
; 0.334  ; 0.334        ; 0.000          ; High Pulse Width ; hand_sum[0] ; Rise       ; gA6_rules:inst|ace_out~1           ;
; 0.334  ; 0.334        ; 0.000          ; Low Pulse Width  ; hand_sum[0] ; Rise       ; gA6_rules:inst|ace_out~1           ;
; 0.334  ; 0.334        ; 0.000          ; High Pulse Width ; hand_sum[0] ; Rise       ; inst|LessThan2~2|combout           ;
; 0.334  ; 0.334        ; 0.000          ; Low Pulse Width  ; hand_sum[0] ; Rise       ; inst|LessThan2~2|combout           ;
; 0.334  ; 0.334        ; 0.000          ; High Pulse Width ; hand_sum[0] ; Fall       ; inst|\sum_cards:new_ace|datac      ;
; 0.334  ; 0.334        ; 0.000          ; Low Pulse Width  ; hand_sum[0] ; Fall       ; inst|\sum_cards:new_ace|datac      ;
; 0.334  ; 0.334        ; 0.000          ; High Pulse Width ; hand_sum[0] ; Fall       ; inst|\sum_cards:new_ace~1|combout  ;
; 0.334  ; 0.334        ; 0.000          ; Low Pulse Width  ; hand_sum[0] ; Fall       ; inst|\sum_cards:new_ace~1|combout  ;
; 0.334  ; 0.334        ; 0.000          ; High Pulse Width ; hand_sum[0] ; Rise       ; inst|\sum_cards:new_ace~1|datad    ;
; 0.334  ; 0.334        ; 0.000          ; Low Pulse Width  ; hand_sum[0] ; Rise       ; inst|\sum_cards:new_ace~1|datad    ;
; 0.334  ; 0.334        ; 0.000          ; High Pulse Width ; hand_sum[0] ; Rise       ; inst|ace_out~1|datac               ;
; 0.334  ; 0.334        ; 0.000          ; Low Pulse Width  ; hand_sum[0] ; Rise       ; inst|ace_out~1|datac               ;
; 0.417  ; 0.417        ; 0.000          ; High Pulse Width ; hand_sum[0] ; Fall       ; gA6_rules:inst|\sum_cards:new_ace  ;
; 0.417  ; 0.417        ; 0.000          ; Low Pulse Width  ; hand_sum[0] ; Fall       ; gA6_rules:inst|\sum_cards:new_ace  ;
; 0.417  ; 0.417        ; 0.000          ; High Pulse Width ; hand_sum[0] ; Fall       ; gA6_rules:inst|ace_out~1           ;
; 0.417  ; 0.417        ; 0.000          ; Low Pulse Width  ; hand_sum[0] ; Fall       ; gA6_rules:inst|ace_out~1           ;
; 0.417  ; 0.417        ; 0.000          ; High Pulse Width ; hand_sum[0] ; Fall       ; inst|LessThan2~2|combout           ;
; 0.417  ; 0.417        ; 0.000          ; Low Pulse Width  ; hand_sum[0] ; Fall       ; inst|LessThan2~2|combout           ;
; 0.417  ; 0.417        ; 0.000          ; High Pulse Width ; hand_sum[0] ; Rise       ; inst|\sum_cards:new_ace|datac      ;
; 0.417  ; 0.417        ; 0.000          ; Low Pulse Width  ; hand_sum[0] ; Rise       ; inst|\sum_cards:new_ace|datac      ;
; 0.417  ; 0.417        ; 0.000          ; High Pulse Width ; hand_sum[0] ; Rise       ; inst|\sum_cards:new_ace~1|combout  ;
; 0.417  ; 0.417        ; 0.000          ; Low Pulse Width  ; hand_sum[0] ; Rise       ; inst|\sum_cards:new_ace~1|combout  ;
; 0.417  ; 0.417        ; 0.000          ; High Pulse Width ; hand_sum[0] ; Fall       ; inst|\sum_cards:new_ace~1|datad    ;
; 0.417  ; 0.417        ; 0.000          ; Low Pulse Width  ; hand_sum[0] ; Fall       ; inst|\sum_cards:new_ace~1|datad    ;
; 0.417  ; 0.417        ; 0.000          ; High Pulse Width ; hand_sum[0] ; Fall       ; inst|ace_out~1|datac               ;
; 0.417  ; 0.417        ; 0.000          ; Low Pulse Width  ; hand_sum[0] ; Fall       ; inst|ace_out~1|datac               ;
; 0.500  ; 0.500        ; 0.000          ; High Pulse Width ; hand_sum[0] ; Rise       ; hand_sum[0]|combout                ;
; 0.500  ; 0.500        ; 0.000          ; Low Pulse Width  ; hand_sum[0] ; Rise       ; hand_sum[0]|combout                ;
; 0.500  ; 0.500        ; 0.000          ; High Pulse Width ; hand_sum[0] ; Rise       ; inst|Add1~0|cin                    ;
; 0.500  ; 0.500        ; 0.000          ; Low Pulse Width  ; hand_sum[0] ; Rise       ; inst|Add1~0|cin                    ;
; 0.500  ; 0.500        ; 0.000          ; High Pulse Width ; hand_sum[0] ; Rise       ; inst|Add1~0|combout                ;
; 0.500  ; 0.500        ; 0.000          ; Low Pulse Width  ; hand_sum[0] ; Rise       ; inst|Add1~0|combout                ;
; 0.500  ; 0.500        ; 0.000          ; High Pulse Width ; hand_sum[0] ; Fall       ; inst|Add1~0|cout                   ;
; 0.500  ; 0.500        ; 0.000          ; Low Pulse Width  ; hand_sum[0] ; Fall       ; inst|Add1~0|cout                   ;
; 0.500  ; 0.500        ; 0.000          ; High Pulse Width ; hand_sum[0] ; Fall       ; inst|Add1~2|cin                    ;
; 0.500  ; 0.500        ; 0.000          ; Low Pulse Width  ; hand_sum[0] ; Fall       ; inst|Add1~2|cin                    ;
; 0.500  ; 0.500        ; 0.000          ; High Pulse Width ; hand_sum[0] ; Fall       ; inst|Add1~2|combout                ;
; 0.500  ; 0.500        ; 0.000          ; Low Pulse Width  ; hand_sum[0] ; Fall       ; inst|Add1~2|combout                ;
; 0.500  ; 0.500        ; 0.000          ; High Pulse Width ; hand_sum[0] ; Rise       ; inst|Add1~2|cout                   ;
; 0.500  ; 0.500        ; 0.000          ; Low Pulse Width  ; hand_sum[0] ; Rise       ; inst|Add1~2|cout                   ;
; 0.500  ; 0.500        ; 0.000          ; High Pulse Width ; hand_sum[0] ; Rise       ; inst|Add1~4|cin                    ;
; 0.500  ; 0.500        ; 0.000          ; Low Pulse Width  ; hand_sum[0] ; Rise       ; inst|Add1~4|cin                    ;
; 0.500  ; 0.500        ; 0.000          ; High Pulse Width ; hand_sum[0] ; Rise       ; inst|Add1~4|combout                ;
; 0.500  ; 0.500        ; 0.000          ; Low Pulse Width  ; hand_sum[0] ; Rise       ; inst|Add1~4|combout                ;
; 0.500  ; 0.500        ; 0.000          ; High Pulse Width ; hand_sum[0] ; Fall       ; inst|Add1~4|cout                   ;
; 0.500  ; 0.500        ; 0.000          ; Low Pulse Width  ; hand_sum[0] ; Fall       ; inst|Add1~4|cout                   ;
; 0.500  ; 0.500        ; 0.000          ; High Pulse Width ; hand_sum[0] ; Fall       ; inst|Add1~6|cin                    ;
; 0.500  ; 0.500        ; 0.000          ; Low Pulse Width  ; hand_sum[0] ; Fall       ; inst|Add1~6|cin                    ;
; 0.500  ; 0.500        ; 0.000          ; High Pulse Width ; hand_sum[0] ; Fall       ; inst|Add1~6|combout                ;
; 0.500  ; 0.500        ; 0.000          ; Low Pulse Width  ; hand_sum[0] ; Fall       ; inst|Add1~6|combout                ;
; 0.500  ; 0.500        ; 0.000          ; High Pulse Width ; hand_sum[0] ; Rise       ; inst|Add1~6|cout                   ;
; 0.500  ; 0.500        ; 0.000          ; Low Pulse Width  ; hand_sum[0] ; Rise       ; inst|Add1~6|cout                   ;
; 0.500  ; 0.500        ; 0.000          ; High Pulse Width ; hand_sum[0] ; Rise       ; inst|Add1~8|cin                    ;
; 0.500  ; 0.500        ; 0.000          ; Low Pulse Width  ; hand_sum[0] ; Rise       ; inst|Add1~8|cin                    ;
; 0.500  ; 0.500        ; 0.000          ; High Pulse Width ; hand_sum[0] ; Rise       ; inst|Add1~8|combout                ;
; 0.500  ; 0.500        ; 0.000          ; Low Pulse Width  ; hand_sum[0] ; Rise       ; inst|Add1~8|combout                ;
; 0.500  ; 0.500        ; 0.000          ; High Pulse Width ; hand_sum[0] ; Rise       ; inst|LessThan2~1|combout           ;
; 0.500  ; 0.500        ; 0.000          ; High Pulse Width ; hand_sum[0] ; Fall       ; inst|LessThan2~1|combout           ;
; 0.500  ; 0.500        ; 0.000          ; Low Pulse Width  ; hand_sum[0] ; Rise       ; inst|LessThan2~1|combout           ;
; 0.500  ; 0.500        ; 0.000          ; Low Pulse Width  ; hand_sum[0] ; Fall       ; inst|LessThan2~1|combout           ;
; 0.500  ; 0.500        ; 0.000          ; High Pulse Width ; hand_sum[0] ; Rise       ; inst|LessThan2~1|datac             ;
; 0.500  ; 0.500        ; 0.000          ; Low Pulse Width  ; hand_sum[0] ; Rise       ; inst|LessThan2~1|datac             ;
; 0.500  ; 0.500        ; 0.000          ; High Pulse Width ; hand_sum[0] ; Fall       ; inst|LessThan2~1|datad             ;
; 0.500  ; 0.500        ; 0.000          ; Low Pulse Width  ; hand_sum[0] ; Fall       ; inst|LessThan2~1|datad             ;
; 0.500  ; 0.500        ; 0.000          ; High Pulse Width ; hand_sum[0] ; Rise       ; inst|LessThan2~2|dataa             ;
; 0.500  ; 0.500        ; 0.000          ; Low Pulse Width  ; hand_sum[0] ; Rise       ; inst|LessThan2~2|dataa             ;
; 0.500  ; 0.500        ; 0.000          ; High Pulse Width ; hand_sum[0] ; Rise       ; inst|LessThan2~2|datab             ;
; 0.500  ; 0.500        ; 0.000          ; Low Pulse Width  ; hand_sum[0] ; Rise       ; inst|LessThan2~2|datab             ;
; 0.500  ; 0.500        ; 0.000          ; High Pulse Width ; hand_sum[0] ; Rise       ; inst|LessThan2~2|datac             ;
; 0.500  ; 0.500        ; 0.000          ; High Pulse Width ; hand_sum[0] ; Fall       ; inst|LessThan2~2|datac             ;
; 0.500  ; 0.500        ; 0.000          ; Low Pulse Width  ; hand_sum[0] ; Rise       ; inst|LessThan2~2|datac             ;
; 0.500  ; 0.500        ; 0.000          ; Low Pulse Width  ; hand_sum[0] ; Fall       ; inst|LessThan2~2|datac             ;
; 0.500  ; 0.500        ; 0.000          ; High Pulse Width ; hand_sum[0] ; Fall       ; inst|LessThan2~2|datad             ;
; 0.500  ; 0.500        ; 0.000          ; Low Pulse Width  ; hand_sum[0] ; Fall       ; inst|LessThan2~2|datad             ;
; 0.500  ; 0.500        ; 0.000          ; High Pulse Width ; hand_sum[0] ; Rise       ; inst|\sum_cards:new_sum[0]~1|cout  ;
; 0.500  ; 0.500        ; 0.000          ; Low Pulse Width  ; hand_sum[0] ; Rise       ; inst|\sum_cards:new_sum[0]~1|cout  ;
; 0.500  ; 0.500        ; 0.000          ; High Pulse Width ; hand_sum[0] ; Rise       ; inst|\sum_cards:new_sum[0]~1|datab ;
; 0.500  ; 0.500        ; 0.000          ; Low Pulse Width  ; hand_sum[0] ; Rise       ; inst|\sum_cards:new_sum[0]~1|datab ;
+--------+--------------+----------------+------------------+-------------+------------+------------------------------------+


+---------------------------------------------------------------------------+
; Setup Times                                                               ;
+--------------+-------------+-------+-------+------------+-----------------+
; Data Port    ; Clock Port  ; Rise  ; Fall  ; Clock Edge ; Clock Reference ;
+--------------+-------------+-------+-------+------------+-----------------+
; hand_sum[*]  ; hand_sum[0] ; 2.919 ; 2.919 ; Rise       ; hand_sum[0]     ;
;  hand_sum[0] ; hand_sum[0] ; 0.462 ; 0.462 ; Rise       ; hand_sum[0]     ;
;  hand_sum[1] ; hand_sum[0] ; 2.919 ; 2.919 ; Rise       ; hand_sum[0]     ;
;  hand_sum[2] ; hand_sum[0] ; 2.726 ; 2.726 ; Rise       ; hand_sum[0]     ;
;  hand_sum[3] ; hand_sum[0] ; 2.698 ; 2.698 ; Rise       ; hand_sum[0]     ;
;  hand_sum[4] ; hand_sum[0] ; 2.537 ; 2.537 ; Rise       ; hand_sum[0]     ;
;  hand_sum[5] ; hand_sum[0] ; 2.310 ; 2.310 ; Rise       ; hand_sum[0]     ;
; new_card[*]  ; hand_sum[0] ; 6.957 ; 6.957 ; Rise       ; hand_sum[0]     ;
;  new_card[0] ; hand_sum[0] ; 4.980 ; 4.980 ; Rise       ; hand_sum[0]     ;
;  new_card[1] ; hand_sum[0] ; 6.041 ; 6.041 ; Rise       ; hand_sum[0]     ;
;  new_card[2] ; hand_sum[0] ; 6.954 ; 6.954 ; Rise       ; hand_sum[0]     ;
;  new_card[3] ; hand_sum[0] ; 6.957 ; 6.957 ; Rise       ; hand_sum[0]     ;
;  new_card[4] ; hand_sum[0] ; 6.903 ; 6.903 ; Rise       ; hand_sum[0]     ;
;  new_card[5] ; hand_sum[0] ; 6.856 ; 6.856 ; Rise       ; hand_sum[0]     ;
; hand_sum[*]  ; hand_sum[0] ; 2.838 ; 2.838 ; Fall       ; hand_sum[0]     ;
;  hand_sum[0] ; hand_sum[0] ; 0.381 ; 0.381 ; Fall       ; hand_sum[0]     ;
;  hand_sum[1] ; hand_sum[0] ; 2.838 ; 2.838 ; Fall       ; hand_sum[0]     ;
;  hand_sum[2] ; hand_sum[0] ; 2.645 ; 2.645 ; Fall       ; hand_sum[0]     ;
;  hand_sum[3] ; hand_sum[0] ; 2.617 ; 2.617 ; Fall       ; hand_sum[0]     ;
;  hand_sum[4] ; hand_sum[0] ; 2.456 ; 2.456 ; Fall       ; hand_sum[0]     ;
;  hand_sum[5] ; hand_sum[0] ; 2.229 ; 2.229 ; Fall       ; hand_sum[0]     ;
; new_card[*]  ; hand_sum[0] ; 6.876 ; 6.876 ; Fall       ; hand_sum[0]     ;
;  new_card[0] ; hand_sum[0] ; 4.899 ; 4.899 ; Fall       ; hand_sum[0]     ;
;  new_card[1] ; hand_sum[0] ; 5.960 ; 5.960 ; Fall       ; hand_sum[0]     ;
;  new_card[2] ; hand_sum[0] ; 6.873 ; 6.873 ; Fall       ; hand_sum[0]     ;
;  new_card[3] ; hand_sum[0] ; 6.876 ; 6.876 ; Fall       ; hand_sum[0]     ;
;  new_card[4] ; hand_sum[0] ; 6.822 ; 6.822 ; Fall       ; hand_sum[0]     ;
;  new_card[5] ; hand_sum[0] ; 6.775 ; 6.775 ; Fall       ; hand_sum[0]     ;
+--------------+-------------+-------+-------+------------+-----------------+


+-----------------------------------------------------------------------------+
; Hold Times                                                                  ;
+--------------+-------------+--------+--------+------------+-----------------+
; Data Port    ; Clock Port  ; Rise   ; Fall   ; Clock Edge ; Clock Reference ;
+--------------+-------------+--------+--------+------------+-----------------+
; hand_sum[*]  ; hand_sum[0] ; 0.233  ; 0.233  ; Rise       ; hand_sum[0]     ;
;  hand_sum[0] ; hand_sum[0] ; 0.233  ; 0.233  ; Rise       ; hand_sum[0]     ;
;  hand_sum[1] ; hand_sum[0] ; -2.203 ; -2.203 ; Rise       ; hand_sum[0]     ;
;  hand_sum[2] ; hand_sum[0] ; -2.068 ; -2.068 ; Rise       ; hand_sum[0]     ;
;  hand_sum[3] ; hand_sum[0] ; -2.023 ; -2.023 ; Rise       ; hand_sum[0]     ;
;  hand_sum[4] ; hand_sum[0] ; -1.964 ; -1.964 ; Rise       ; hand_sum[0]     ;
;  hand_sum[5] ; hand_sum[0] ; -1.746 ; -1.746 ; Rise       ; hand_sum[0]     ;
; new_card[*]  ; hand_sum[0] ; -2.377 ; -2.377 ; Rise       ; hand_sum[0]     ;
;  new_card[0] ; hand_sum[0] ; -2.377 ; -2.377 ; Rise       ; hand_sum[0]     ;
;  new_card[1] ; hand_sum[0] ; -2.896 ; -2.896 ; Rise       ; hand_sum[0]     ;
;  new_card[2] ; hand_sum[0] ; -2.731 ; -2.731 ; Rise       ; hand_sum[0]     ;
;  new_card[3] ; hand_sum[0] ; -2.965 ; -2.965 ; Rise       ; hand_sum[0]     ;
;  new_card[4] ; hand_sum[0] ; -2.754 ; -2.754 ; Rise       ; hand_sum[0]     ;
;  new_card[5] ; hand_sum[0] ; -2.596 ; -2.596 ; Rise       ; hand_sum[0]     ;
; hand_sum[*]  ; hand_sum[0] ; 0.231  ; 0.231  ; Fall       ; hand_sum[0]     ;
;  hand_sum[0] ; hand_sum[0] ; 0.231  ; 0.231  ; Fall       ; hand_sum[0]     ;
;  hand_sum[1] ; hand_sum[0] ; -2.205 ; -2.205 ; Fall       ; hand_sum[0]     ;
;  hand_sum[2] ; hand_sum[0] ; -2.070 ; -2.070 ; Fall       ; hand_sum[0]     ;
;  hand_sum[3] ; hand_sum[0] ; -2.025 ; -2.025 ; Fall       ; hand_sum[0]     ;
;  hand_sum[4] ; hand_sum[0] ; -1.966 ; -1.966 ; Fall       ; hand_sum[0]     ;
;  hand_sum[5] ; hand_sum[0] ; -1.748 ; -1.748 ; Fall       ; hand_sum[0]     ;
; new_card[*]  ; hand_sum[0] ; -2.379 ; -2.379 ; Fall       ; hand_sum[0]     ;
;  new_card[0] ; hand_sum[0] ; -2.379 ; -2.379 ; Fall       ; hand_sum[0]     ;
;  new_card[1] ; hand_sum[0] ; -2.898 ; -2.898 ; Fall       ; hand_sum[0]     ;
;  new_card[2] ; hand_sum[0] ; -2.733 ; -2.733 ; Fall       ; hand_sum[0]     ;
;  new_card[3] ; hand_sum[0] ; -2.967 ; -2.967 ; Fall       ; hand_sum[0]     ;
;  new_card[4] ; hand_sum[0] ; -2.756 ; -2.756 ; Fall       ; hand_sum[0]     ;
;  new_card[5] ; hand_sum[0] ; -2.598 ; -2.598 ; Fall       ; hand_sum[0]     ;
+--------------+-------------+--------+--------+------------+-----------------+


+-------------------------------------------------------------------------+
; Clock to Output Times                                                   ;
+------------+-------------+-------+-------+------------+-----------------+
; Data Port  ; Clock Port  ; Rise  ; Fall  ; Clock Edge ; Clock Reference ;
+------------+-------------+-------+-------+------------+-----------------+
; ace_out    ; hand_sum[0] ; 3.881 ; 3.881 ; Rise       ; hand_sum[0]     ;
; legal_play ; hand_sum[0] ; 4.328 ; 4.328 ; Rise       ; hand_sum[0]     ;
; ace_out    ; hand_sum[0] ; 3.879 ; 3.879 ; Fall       ; hand_sum[0]     ;
; legal_play ; hand_sum[0] ; 4.326 ; 4.326 ; Fall       ; hand_sum[0]     ;
+------------+-------------+-------+-------+------------+-----------------+


+-------------------------------------------------------------------------+
; Minimum Clock to Output Times                                           ;
+------------+-------------+-------+-------+------------+-----------------+
; Data Port  ; Clock Port  ; Rise  ; Fall  ; Clock Edge ; Clock Reference ;
+------------+-------------+-------+-------+------------+-----------------+
; ace_out    ; hand_sum[0] ; 3.715 ; 3.715 ; Rise       ; hand_sum[0]     ;
; legal_play ; hand_sum[0] ; 3.786 ; 3.786 ; Rise       ; hand_sum[0]     ;
; ace_out    ; hand_sum[0] ; 3.796 ; 3.796 ; Fall       ; hand_sum[0]     ;
; legal_play ; hand_sum[0] ; 3.786 ; 3.786 ; Fall       ; hand_sum[0]     ;
+------------+-------------+-------+-------+------------+-----------------+


+---------------------------------------------------------------+
; Propagation Delay                                             ;
+-------------+-------------+--------+--------+--------+--------+
; Input Port  ; Output Port ; RR     ; RF     ; FR     ; FF     ;
+-------------+-------------+--------+--------+--------+--------+
; hand_sum[1] ; legal_play  ; 6.515  ; 6.515  ; 6.515  ; 6.515  ;
; hand_sum[2] ; legal_play  ; 6.343  ; 6.343  ; 6.343  ; 6.343  ;
; hand_sum[3] ; legal_play  ; 6.225  ; 6.225  ; 6.225  ; 6.225  ;
; hand_sum[4] ; legal_play  ; 6.156  ; 6.156  ; 6.156  ; 6.156  ;
; hand_sum[5] ; legal_play  ; 5.929  ; 5.929  ; 5.929  ; 5.929  ;
; new_card[0] ; legal_play  ; 8.535  ; 8.535  ; 8.535  ; 8.535  ;
; new_card[1] ; legal_play  ; 9.596  ; 9.596  ; 9.596  ; 9.596  ;
; new_card[2] ; legal_play  ; 10.509 ; 10.509 ; 10.509 ; 10.509 ;
; new_card[3] ; legal_play  ; 10.512 ; 10.512 ; 10.512 ; 10.512 ;
; new_card[4] ; legal_play  ; 10.458 ; 10.458 ; 10.458 ; 10.458 ;
; new_card[5] ; legal_play  ; 10.411 ; 10.411 ; 10.411 ; 10.411 ;
+-------------+-------------+--------+--------+--------+--------+


+-----------------------------------------------------------+
; Minimum Propagation Delay                                 ;
+-------------+-------------+-------+-------+-------+-------+
; Input Port  ; Output Port ; RR    ; RF    ; FR    ; FF    ;
+-------------+-------------+-------+-------+-------+-------+
; hand_sum[1] ; legal_play  ; 6.204 ; 6.204 ; 6.204 ; 6.204 ;
; hand_sum[2] ; legal_play  ; 6.087 ; 6.087 ; 6.087 ; 6.087 ;
; hand_sum[3] ; legal_play  ; 5.957 ; 5.957 ; 5.957 ; 5.957 ;
; hand_sum[4] ; legal_play  ; 5.889 ; 5.889 ; 5.889 ; 5.889 ;
; hand_sum[5] ; legal_play  ; 5.867 ; 5.867 ; 5.867 ; 5.867 ;
; new_card[0] ; legal_play  ; 6.207 ; 6.185 ; 6.185 ; 6.207 ;
; new_card[1] ; legal_play  ; 6.818 ; 6.704 ; 6.704 ; 6.818 ;
; new_card[2] ; legal_play  ; 6.539 ; 6.539 ; 6.539 ; 6.539 ;
; new_card[3] ; legal_play  ; 6.773 ; 6.773 ; 6.773 ; 6.773 ;
; new_card[4] ; legal_play  ; 6.562 ; 6.562 ; 6.562 ; 6.562 ;
; new_card[5] ; legal_play  ; 6.404 ; 6.404 ; 6.404 ; 6.404 ;
+-------------+-------------+-------+-------+-------+-------+


+-------------------------------------------------------------------------------+
; Multicorner Timing Analysis Summary                                           ;
+------------------+--------+--------+----------+---------+---------------------+
; Clock            ; Setup  ; Hold   ; Recovery ; Removal ; Minimum Pulse Width ;
+------------------+--------+--------+----------+---------+---------------------+
; Worst-case Slack ; -2.626 ; -0.698 ; -2.947   ; 0.080   ; -1.469              ;
;  hand_sum[0]     ; -2.626 ; -0.698 ; -2.947   ; 0.080   ; -1.469              ;
; Design-wide TNS  ; -2.626 ; -0.698 ; -2.947   ; 0.0     ; -1.469              ;
;  hand_sum[0]     ; -2.626 ; -0.698 ; -2.947   ; 0.000   ; -1.469              ;
+------------------+--------+--------+----------+---------+---------------------+


+-----------------------------------------------------------------------------+
; Setup Times                                                                 ;
+--------------+-------------+--------+--------+------------+-----------------+
; Data Port    ; Clock Port  ; Rise   ; Fall   ; Clock Edge ; Clock Reference ;
+--------------+-------------+--------+--------+------------+-----------------+
; hand_sum[*]  ; hand_sum[0] ; 5.752  ; 5.752  ; Rise       ; hand_sum[0]     ;
;  hand_sum[0] ; hand_sum[0] ; 1.394  ; 1.394  ; Rise       ; hand_sum[0]     ;
;  hand_sum[1] ; hand_sum[0] ; 5.752  ; 5.752  ; Rise       ; hand_sum[0]     ;
;  hand_sum[2] ; hand_sum[0] ; 5.181  ; 5.181  ; Rise       ; hand_sum[0]     ;
;  hand_sum[3] ; hand_sum[0] ; 5.053  ; 5.053  ; Rise       ; hand_sum[0]     ;
;  hand_sum[4] ; hand_sum[0] ; 4.754  ; 4.754  ; Rise       ; hand_sum[0]     ;
;  hand_sum[5] ; hand_sum[0] ; 4.019  ; 4.019  ; Rise       ; hand_sum[0]     ;
; new_card[*]  ; hand_sum[0] ; 16.942 ; 16.942 ; Rise       ; hand_sum[0]     ;
;  new_card[0] ; hand_sum[0] ; 11.304 ; 11.304 ; Rise       ; hand_sum[0]     ;
;  new_card[1] ; hand_sum[0] ; 14.325 ; 14.325 ; Rise       ; hand_sum[0]     ;
;  new_card[2] ; hand_sum[0] ; 16.942 ; 16.942 ; Rise       ; hand_sum[0]     ;
;  new_card[3] ; hand_sum[0] ; 16.917 ; 16.917 ; Rise       ; hand_sum[0]     ;
;  new_card[4] ; hand_sum[0] ; 16.801 ; 16.801 ; Rise       ; hand_sum[0]     ;
;  new_card[5] ; hand_sum[0] ; 16.686 ; 16.686 ; Rise       ; hand_sum[0]     ;
; hand_sum[*]  ; hand_sum[0] ; 5.494  ; 5.494  ; Fall       ; hand_sum[0]     ;
;  hand_sum[0] ; hand_sum[0] ; 1.136  ; 1.136  ; Fall       ; hand_sum[0]     ;
;  hand_sum[1] ; hand_sum[0] ; 5.494  ; 5.494  ; Fall       ; hand_sum[0]     ;
;  hand_sum[2] ; hand_sum[0] ; 4.923  ; 4.923  ; Fall       ; hand_sum[0]     ;
;  hand_sum[3] ; hand_sum[0] ; 4.795  ; 4.795  ; Fall       ; hand_sum[0]     ;
;  hand_sum[4] ; hand_sum[0] ; 4.496  ; 4.496  ; Fall       ; hand_sum[0]     ;
;  hand_sum[5] ; hand_sum[0] ; 3.761  ; 3.761  ; Fall       ; hand_sum[0]     ;
; new_card[*]  ; hand_sum[0] ; 16.684 ; 16.684 ; Fall       ; hand_sum[0]     ;
;  new_card[0] ; hand_sum[0] ; 11.046 ; 11.046 ; Fall       ; hand_sum[0]     ;
;  new_card[1] ; hand_sum[0] ; 14.067 ; 14.067 ; Fall       ; hand_sum[0]     ;
;  new_card[2] ; hand_sum[0] ; 16.684 ; 16.684 ; Fall       ; hand_sum[0]     ;
;  new_card[3] ; hand_sum[0] ; 16.659 ; 16.659 ; Fall       ; hand_sum[0]     ;
;  new_card[4] ; hand_sum[0] ; 16.543 ; 16.543 ; Fall       ; hand_sum[0]     ;
;  new_card[5] ; hand_sum[0] ; 16.428 ; 16.428 ; Fall       ; hand_sum[0]     ;
+--------------+-------------+--------+--------+------------+-----------------+


+-----------------------------------------------------------------------------+
; Hold Times                                                                  ;
+--------------+-------------+--------+--------+------------+-----------------+
; Data Port    ; Clock Port  ; Rise   ; Fall   ; Clock Edge ; Clock Reference ;
+--------------+-------------+--------+--------+------------+-----------------+
; hand_sum[*]  ; hand_sum[0] ; 0.631  ; 0.631  ; Rise       ; hand_sum[0]     ;
;  hand_sum[0] ; hand_sum[0] ; 0.631  ; 0.631  ; Rise       ; hand_sum[0]     ;
;  hand_sum[1] ; hand_sum[0] ; -2.203 ; -2.203 ; Rise       ; hand_sum[0]     ;
;  hand_sum[2] ; hand_sum[0] ; -2.068 ; -2.068 ; Rise       ; hand_sum[0]     ;
;  hand_sum[3] ; hand_sum[0] ; -2.023 ; -2.023 ; Rise       ; hand_sum[0]     ;
;  hand_sum[4] ; hand_sum[0] ; -1.964 ; -1.964 ; Rise       ; hand_sum[0]     ;
;  hand_sum[5] ; hand_sum[0] ; -1.746 ; -1.746 ; Rise       ; hand_sum[0]     ;
; new_card[*]  ; hand_sum[0] ; -2.377 ; -2.377 ; Rise       ; hand_sum[0]     ;
;  new_card[0] ; hand_sum[0] ; -2.377 ; -2.377 ; Rise       ; hand_sum[0]     ;
;  new_card[1] ; hand_sum[0] ; -2.896 ; -2.896 ; Rise       ; hand_sum[0]     ;
;  new_card[2] ; hand_sum[0] ; -2.731 ; -2.731 ; Rise       ; hand_sum[0]     ;
;  new_card[3] ; hand_sum[0] ; -2.965 ; -2.965 ; Rise       ; hand_sum[0]     ;
;  new_card[4] ; hand_sum[0] ; -2.754 ; -2.754 ; Rise       ; hand_sum[0]     ;
;  new_card[5] ; hand_sum[0] ; -2.596 ; -2.596 ; Rise       ; hand_sum[0]     ;
; hand_sum[*]  ; hand_sum[0] ; 0.698  ; 0.698  ; Fall       ; hand_sum[0]     ;
;  hand_sum[0] ; hand_sum[0] ; 0.698  ; 0.698  ; Fall       ; hand_sum[0]     ;
;  hand_sum[1] ; hand_sum[0] ; -2.205 ; -2.205 ; Fall       ; hand_sum[0]     ;
;  hand_sum[2] ; hand_sum[0] ; -2.070 ; -2.070 ; Fall       ; hand_sum[0]     ;
;  hand_sum[3] ; hand_sum[0] ; -2.025 ; -2.025 ; Fall       ; hand_sum[0]     ;
;  hand_sum[4] ; hand_sum[0] ; -1.966 ; -1.966 ; Fall       ; hand_sum[0]     ;
;  hand_sum[5] ; hand_sum[0] ; -1.748 ; -1.748 ; Fall       ; hand_sum[0]     ;
; new_card[*]  ; hand_sum[0] ; -2.379 ; -2.379 ; Fall       ; hand_sum[0]     ;
;  new_card[0] ; hand_sum[0] ; -2.379 ; -2.379 ; Fall       ; hand_sum[0]     ;
;  new_card[1] ; hand_sum[0] ; -2.898 ; -2.898 ; Fall       ; hand_sum[0]     ;
;  new_card[2] ; hand_sum[0] ; -2.733 ; -2.733 ; Fall       ; hand_sum[0]     ;
;  new_card[3] ; hand_sum[0] ; -2.967 ; -2.967 ; Fall       ; hand_sum[0]     ;
;  new_card[4] ; hand_sum[0] ; -2.756 ; -2.756 ; Fall       ; hand_sum[0]     ;
;  new_card[5] ; hand_sum[0] ; -2.598 ; -2.598 ; Fall       ; hand_sum[0]     ;
+--------------+-------------+--------+--------+------------+-----------------+


+---------------------------------------------------------------------------+
; Clock to Output Times                                                     ;
+------------+-------------+--------+--------+------------+-----------------+
; Data Port  ; Clock Port  ; Rise   ; Fall   ; Clock Edge ; Clock Reference ;
+------------+-------------+--------+--------+------------+-----------------+
; ace_out    ; hand_sum[0] ; 8.951  ; 8.951  ; Rise       ; hand_sum[0]     ;
; legal_play ; hand_sum[0] ; 10.255 ; 10.255 ; Rise       ; hand_sum[0]     ;
; ace_out    ; hand_sum[0] ; 9.018  ; 9.018  ; Fall       ; hand_sum[0]     ;
; legal_play ; hand_sum[0] ; 10.322 ; 10.322 ; Fall       ; hand_sum[0]     ;
+------------+-------------+--------+--------+------------+-----------------+


+-------------------------------------------------------------------------+
; Minimum Clock to Output Times                                           ;
+------------+-------------+-------+-------+------------+-----------------+
; Data Port  ; Clock Port  ; Rise  ; Fall  ; Clock Edge ; Clock Reference ;
+------------+-------------+-------+-------+------------+-----------------+
; ace_out    ; hand_sum[0] ; 3.715 ; 3.715 ; Rise       ; hand_sum[0]     ;
; legal_play ; hand_sum[0] ; 3.786 ; 3.786 ; Rise       ; hand_sum[0]     ;
; ace_out    ; hand_sum[0] ; 3.796 ; 3.796 ; Fall       ; hand_sum[0]     ;
; legal_play ; hand_sum[0] ; 3.786 ; 3.786 ; Fall       ; hand_sum[0]     ;
+------------+-------------+-------+-------+------------+-----------------+


+---------------------------------------------------------------+
; Progagation Delay                                             ;
+-------------+-------------+--------+--------+--------+--------+
; Input Port  ; Output Port ; RR     ; RF     ; FR     ; FF     ;
+-------------+-------------+--------+--------+--------+--------+
; hand_sum[1] ; legal_play  ; 13.910 ; 13.910 ; 13.910 ; 13.910 ;
; hand_sum[2] ; legal_play  ; 13.453 ; 13.453 ; 13.453 ; 13.453 ;
; hand_sum[3] ; legal_play  ; 13.112 ; 13.112 ; 13.112 ; 13.112 ;
; hand_sum[4] ; legal_play  ; 12.863 ; 12.863 ; 12.863 ; 12.863 ;
; hand_sum[5] ; legal_play  ; 12.128 ; 12.128 ; 12.128 ; 12.128 ;
; new_card[0] ; legal_play  ; 19.462 ; 19.462 ; 19.462 ; 19.462 ;
; new_card[1] ; legal_play  ; 22.483 ; 22.483 ; 22.483 ; 22.483 ;
; new_card[2] ; legal_play  ; 25.100 ; 25.100 ; 25.100 ; 25.100 ;
; new_card[3] ; legal_play  ; 25.075 ; 25.075 ; 25.075 ; 25.075 ;
; new_card[4] ; legal_play  ; 24.959 ; 24.959 ; 24.959 ; 24.959 ;
; new_card[5] ; legal_play  ; 24.844 ; 24.844 ; 24.844 ; 24.844 ;
+-------------+-------------+--------+--------+--------+--------+


+-----------------------------------------------------------+
; Minimum Progagation Delay                                 ;
+-------------+-------------+-------+-------+-------+-------+
; Input Port  ; Output Port ; RR    ; RF    ; FR    ; FF    ;
+-------------+-------------+-------+-------+-------+-------+
; hand_sum[1] ; legal_play  ; 6.204 ; 6.204 ; 6.204 ; 6.204 ;
; hand_sum[2] ; legal_play  ; 6.087 ; 6.087 ; 6.087 ; 6.087 ;
; hand_sum[3] ; legal_play  ; 5.957 ; 5.957 ; 5.957 ; 5.957 ;
; hand_sum[4] ; legal_play  ; 5.889 ; 5.889 ; 5.889 ; 5.889 ;
; hand_sum[5] ; legal_play  ; 5.867 ; 5.867 ; 5.867 ; 5.867 ;
; new_card[0] ; legal_play  ; 6.207 ; 6.185 ; 6.185 ; 6.207 ;
; new_card[1] ; legal_play  ; 6.818 ; 6.704 ; 6.704 ; 6.818 ;
; new_card[2] ; legal_play  ; 6.539 ; 6.539 ; 6.539 ; 6.539 ;
; new_card[3] ; legal_play  ; 6.773 ; 6.773 ; 6.773 ; 6.773 ;
; new_card[4] ; legal_play  ; 6.562 ; 6.562 ; 6.562 ; 6.562 ;
; new_card[5] ; legal_play  ; 6.404 ; 6.404 ; 6.404 ; 6.404 ;
+-------------+-------------+-------+-------+-------+-------+


+-----------------------------------------------------------------------+
; Setup Transfers                                                       ;
+-------------+-------------+----------+----------+----------+----------+
; From Clock  ; To Clock    ; RR Paths ; FR Paths ; RF Paths ; FF Paths ;
+-------------+-------------+----------+----------+----------+----------+
; hand_sum[0] ; hand_sum[0] ; 14       ; 14       ; 14       ; 14       ;
+-------------+-------------+----------+----------+----------+----------+
Entries labeled "false path" only account for clock-to-clock false paths and not path-based false paths. As a result, actual path counts may be lower than reported.


+-----------------------------------------------------------------------+
; Hold Transfers                                                        ;
+-------------+-------------+----------+----------+----------+----------+
; From Clock  ; To Clock    ; RR Paths ; FR Paths ; RF Paths ; FF Paths ;
+-------------+-------------+----------+----------+----------+----------+
; hand_sum[0] ; hand_sum[0] ; 14       ; 14       ; 14       ; 14       ;
+-------------+-------------+----------+----------+----------+----------+
Entries labeled "false path" only account for clock-to-clock false paths and not path-based false paths. As a result, actual path counts may be lower than reported.


+-----------------------------------------------------------------------+
; Recovery Transfers                                                    ;
+-------------+-------------+----------+----------+----------+----------+
; From Clock  ; To Clock    ; RR Paths ; FR Paths ; RF Paths ; FF Paths ;
+-------------+-------------+----------+----------+----------+----------+
; hand_sum[0] ; hand_sum[0] ; 46       ; 46       ; 46       ; 46       ;
+-------------+-------------+----------+----------+----------+----------+
Entries labeled "false path" only account for clock-to-clock false paths and not path-based false paths. As a result, actual path counts may be lower than reported.


+-----------------------------------------------------------------------+
; Removal Transfers                                                     ;
+-------------+-------------+----------+----------+----------+----------+
; From Clock  ; To Clock    ; RR Paths ; FR Paths ; RF Paths ; FF Paths ;
+-------------+-------------+----------+----------+----------+----------+
; hand_sum[0] ; hand_sum[0] ; 46       ; 46       ; 46       ; 46       ;
+-------------+-------------+----------+----------+----------+----------+
Entries labeled "false path" only account for clock-to-clock false paths and not path-based false paths. As a result, actual path counts may be lower than reported.


---------------
; Report TCCS ;
---------------
No dedicated SERDES Transmitter circuitry present in device or used in design


---------------
; Report RSKM ;
---------------
No dedicated SERDES Receiver circuitry present in device or used in design


+------------------------------------------------+
; Unconstrained Paths                            ;
+---------------------------------+-------+------+
; Property                        ; Setup ; Hold ;
+---------------------------------+-------+------+
; Illegal Clocks                  ; 0     ; 0    ;
; Unconstrained Clocks            ; 0     ; 0    ;
; Unconstrained Input Ports       ; 12    ; 12   ;
; Unconstrained Input Port Paths  ; 34    ; 34   ;
; Unconstrained Output Ports      ; 2     ; 2    ;
; Unconstrained Output Port Paths ; 15    ; 15   ;
+---------------------------------+-------+------+


+------------------------------------+
; TimeQuest Timing Analyzer Messages ;
+------------------------------------+
Info: *******************************************************************
Info: Running Quartus II 64-Bit TimeQuest Timing Analyzer
    Info: Version 13.0.0 Build 156 04/24/2013 SJ Web Edition
    Info: Processing started: Tue Nov 21 16:45:44 2017
Info: Command: quartus_sta gA6_lab4 -c gA6_lab4
Info: qsta_default_script.tcl version: #1
Info (11104): Parallel Compilation has detected 4 hyper-threaded processors. However, the extra hyper-threaded processors will not be used by default. Parallel Compilation will use 2 of the 2 physical processors detected instead.
Info (21077): Low junction temperature is 0 degrees C
Info (21077): High junction temperature is 85 degrees C
Warning (335093): TimeQuest Timing Analyzer is analyzing 2 combinational loops as latches.
Critical Warning (332012): Synopsys Design Constraints File file not found: 'gA6_lab4.sdc'. A Synopsys Design Constraints File is required by the TimeQuest Timing Analyzer to get proper timing constraints. Without it, the Compiler will not properly optimize the design.
Info (332142): No user constrained base clocks found in the design. Calling "derive_clocks -period 1.0"
Info (332105): Deriving Clocks
    Info (332105): create_clock -period 1.000 -name hand_sum[0] hand_sum[0]
Info (332097): The following timing edges are non-unate.  TimeQuest will assume pos-unate behavior for these edges in the clock network.
    Info (332098): Cell: inst|Add1~0  from: cin  to: combout
    Info (332098): Cell: inst|Add1~2  from: cin  to: combout
    Info (332098): Cell: inst|Add1~4  from: cin  to: combout
    Info (332098): Cell: inst|Add1~6  from: cin  to: combout
    Info (332098): Cell: inst|Add1~8  from: cin  to: combout
Info: Found TIMEQUEST_REPORT_SCRIPT_INCLUDE_DEFAULT_ANALYSIS = ON
Info: Analyzing Slow Model
Critical Warning (332148): Timing requirements not met
Info (332146): Worst-case setup slack is -2.626
    Info (332119):     Slack End Point TNS Clock 
    Info (332119): ========= ============= =====================
    Info (332119):    -2.626        -2.626 hand_sum[0] 
Info (332146): Worst-case hold slack is -0.698
    Info (332119):     Slack End Point TNS Clock 
    Info (332119): ========= ============= =====================
    Info (332119):    -0.698        -0.698 hand_sum[0] 
Info (332146): Worst-case recovery slack is -2.947
    Info (332119):     Slack End Point TNS Clock 
    Info (332119): ========= ============= =====================
    Info (332119):    -2.947        -2.947 hand_sum[0] 
Info (332146): Worst-case removal slack is 0.171
    Info (332119):     Slack End Point TNS Clock 
    Info (332119): ========= ============= =====================
    Info (332119):     0.171         0.000 hand_sum[0] 
Info (332146): Worst-case minimum pulse width slack is -1.469
    Info (332119):     Slack End Point TNS Clock 
    Info (332119): ========= ============= =====================
    Info (332119):    -1.469        -1.469 hand_sum[0] 
Info (332001): The selected device family is not supported by the report_metastability command.
Info: Analyzing Fast Model
Info (332097): The following timing edges are non-unate.  TimeQuest will assume pos-unate behavior for these edges in the clock network.
    Info (332098): Cell: inst|Add1~0  from: cin  to: combout
    Info (332098): Cell: inst|Add1~2  from: cin  to: combout
    Info (332098): Cell: inst|Add1~4  from: cin  to: combout
    Info (332098): Cell: inst|Add1~6  from: cin  to: combout
    Info (332098): Cell: inst|Add1~8  from: cin  to: combout
Critical Warning (332148): Timing requirements not met
Info (332146): Worst-case setup slack is -0.589
    Info (332119):     Slack End Point TNS Clock 
    Info (332119): ========= ============= =====================
    Info (332119):    -0.589        -0.589 hand_sum[0] 
Info (332146): Worst-case hold slack is -0.233
    Info (332119):     Slack End Point TNS Clock 
    Info (332119): ========= ============= =====================
    Info (332119):    -0.233        -0.233 hand_sum[0] 
Info (332146): Worst-case recovery slack is -0.689
    Info (332119):     Slack End Point TNS Clock 
    Info (332119): ========= ============= =====================
    Info (332119):    -0.689        -0.689 hand_sum[0] 
Info (332146): Worst-case removal slack is 0.080
    Info (332119):     Slack End Point TNS Clock 
    Info (332119): ========= ============= =====================
    Info (332119):     0.080         0.000 hand_sum[0] 
Info (332146): Worst-case minimum pulse width slack is -1.222
    Info (332119):     Slack End Point TNS Clock 
    Info (332119): ========= ============= =====================
    Info (332119):    -1.222        -1.222 hand_sum[0] 
Info (332001): The selected device family is not supported by the report_metastability command.
Info (332102): Design is not fully constrained for setup requirements
Info (332102): Design is not fully constrained for hold requirements
Info: Quartus II 64-Bit TimeQuest Timing Analyzer was successful. 0 errors, 4 warnings
    Info: Peak virtual memory: 514 megabytes
    Info: Processing ended: Tue Nov 21 16:45:46 2017
    Info: Elapsed time: 00:00:02
    Info: Total CPU time (on all processors): 00:00:02


